
Logging initialized using configuration in jar:file:/home/ubuntu/software/hive-1.2.1/lib/hive-common-1.2.1.jar!/hive-log4j.properties
Hive history file=/tmp/ubuntu/hive_job_log_ff78e83f-75e1-49f9-a0ed-98e9346f06d0_1252885571.txt
OK
Time taken: 1.502 seconds
Query ID = ubuntu_20150925095250_1e1e732b-2e23-42c7-9207-ce4cd47e01f4
Total jobs = 9
Execution log at: /tmp/ubuntu/ubuntu_20150925095250_1e1e732b-2e23-42c7-9207-ce4cd47e01f4.log
2015-09-25 09:53:00	Starting to launch local task to process map join;	maximum memory = 932184064
2015-09-25 09:53:02	Dump the side-table for tag: 1 with group count: 7 into file: file:/tmp/ubuntu/ff78e83f-75e1-49f9-a0ed-98e9346f06d0/hive_2015-09-25_09-52-50_423_5266170260924419393-1/-local-10016/HashTable-Stage-15/MapJoin-mapfile41--.hashtable
2015-09-25 09:53:02	Uploaded 1 File to: file:/tmp/ubuntu/ff78e83f-75e1-49f9-a0ed-98e9346f06d0/hive_2015-09-25_09-52-50_423_5266170260924419393-1/-local-10016/HashTable-Stage-15/MapJoin-mapfile41--.hashtable (504 bytes)
2015-09-25 09:53:02	End of local task; Time Taken: 1.876 sec.
Execution completed successfully
MapredLocal task succeeded
Launching Job 1 out of 9
Number of reduce tasks is set to 0 since there's no reduce operator
Starting Job = job_1443170900597_0012, Tracking URL = http://group-2-vm1:8088/proxy/application_1443170900597_0012/
Kill Command = /home/ubuntu/software/hadoop-2.6.0/bin/hadoop job  -kill job_1443170900597_0012
Hadoop job information for Stage-15: number of mappers: 5; number of reducers: 0
2015-09-25 09:53:19,448 Stage-15 map = 0%,  reduce = 0%
2015-09-25 09:53:37,612 Stage-15 map = 11%,  reduce = 0%, Cumulative CPU 62.86 sec
2015-09-25 09:53:40,879 Stage-15 map = 12%,  reduce = 0%, Cumulative CPU 78.68 sec
2015-09-25 09:53:44,096 Stage-15 map = 21%,  reduce = 0%, Cumulative CPU 94.74 sec
2015-09-25 09:53:47,309 Stage-15 map = 25%,  reduce = 0%, Cumulative CPU 110.17 sec
2015-09-25 09:53:49,445 Stage-15 map = 27%,  reduce = 0%, Cumulative CPU 113.35 sec
2015-09-25 09:53:50,528 Stage-15 map = 32%,  reduce = 0%, Cumulative CPU 126.22 sec
2015-09-25 09:53:52,704 Stage-15 map = 35%,  reduce = 0%, Cumulative CPU 141.94 sec
2015-09-25 09:53:56,245 Stage-15 map = 42%,  reduce = 0%, Cumulative CPU 157.66 sec
2015-09-25 09:53:59,428 Stage-15 map = 49%,  reduce = 0%, Cumulative CPU 173.23 sec
2015-09-25 09:54:01,564 Stage-15 map = 51%,  reduce = 0%, Cumulative CPU 176.36 sec
2015-09-25 09:54:02,649 Stage-15 map = 53%,  reduce = 0%, Cumulative CPU 188.83 sec
2015-09-25 09:54:04,797 Stage-15 map = 60%,  reduce = 0%, Cumulative CPU 197.52 sec
2015-09-25 09:54:05,877 Stage-15 map = 62%,  reduce = 0%, Cumulative CPU 203.16 sec
2015-09-25 09:54:08,031 Stage-15 map = 64%,  reduce = 0%, Cumulative CPU 215.92 sec
2015-09-25 09:54:11,241 Stage-15 map = 69%,  reduce = 0%, Cumulative CPU 228.32 sec
2015-09-25 09:54:14,439 Stage-15 map = 71%,  reduce = 0%, Cumulative CPU 240.91 sec
2015-09-25 09:54:17,642 Stage-15 map = 76%,  reduce = 0%, Cumulative CPU 253.54 sec
2015-09-25 09:54:20,880 Stage-15 map = 80%,  reduce = 0%, Cumulative CPU 266.18 sec
2015-09-25 09:54:23,017 Stage-15 map = 84%,  reduce = 0%, Cumulative CPU 278.05 sec
2015-09-25 09:54:26,220 Stage-15 map = 87%,  reduce = 0%, Cumulative CPU 290.48 sec
2015-09-25 09:54:29,406 Stage-15 map = 93%,  reduce = 0%, Cumulative CPU 302.97 sec
2015-09-25 09:54:30,483 Stage-15 map = 95%,  reduce = 0%, Cumulative CPU 304.43 sec
2015-09-25 09:54:32,613 Stage-15 map = 98%,  reduce = 0%, Cumulative CPU 313.99 sec
2015-09-25 09:54:34,755 Stage-15 map = 100%,  reduce = 0%, Cumulative CPU 316.62 sec
MapReduce Total cumulative CPU time: 5 minutes 16 seconds 620 msec
Ended Job = job_1443170900597_0012
Stage-18 is selected by condition resolver.
Stage-19 is filtered out by condition resolver.
Stage-2 is filtered out by condition resolver.
Execution log at: /tmp/ubuntu/ubuntu_20150925095250_1e1e732b-2e23-42c7-9207-ce4cd47e01f4.log
2015-09-25 09:54:42	Starting to launch local task to process map join;	maximum memory = 932184064
2015-09-25 09:54:44	Dump the side-table for tag: 1 with group count: 3863 into file: file:/tmp/ubuntu/ff78e83f-75e1-49f9-a0ed-98e9346f06d0/hive_2015-09-25_09-52-50_423_5266170260924419393-1/-local-10012/HashTable-Stage-12/MapJoin-mapfile21--.hashtable
2015-09-25 09:54:44	Uploaded 1 File to: file:/tmp/ubuntu/ff78e83f-75e1-49f9-a0ed-98e9346f06d0/hive_2015-09-25_09-52-50_423_5266170260924419393-1/-local-10012/HashTable-Stage-12/MapJoin-mapfile21--.hashtable (163270 bytes)
2015-09-25 09:54:44	End of local task; Time Taken: 2.564 sec.
Execution completed successfully
MapredLocal task succeeded
Launching Job 3 out of 9
Number of reduce tasks is set to 0 since there's no reduce operator
Starting Job = job_1443170900597_0013, Tracking URL = http://group-2-vm1:8088/proxy/application_1443170900597_0013/
Kill Command = /home/ubuntu/software/hadoop-2.6.0/bin/hadoop job  -kill job_1443170900597_0013
Hadoop job information for Stage-12: number of mappers: 10; number of reducers: 0
2015-09-25 09:54:54,308 Stage-12 map = 0%,  reduce = 0%
2015-09-25 09:55:08,591 Stage-12 map = 2%,  reduce = 0%, Cumulative CPU 43.66 sec
2015-09-25 09:55:11,763 Stage-12 map = 6%,  reduce = 0%, Cumulative CPU 89.13 sec
2015-09-25 09:55:12,904 Stage-12 map = 12%,  reduce = 0%, Cumulative CPU 96.85 sec
2015-09-25 09:55:13,991 Stage-12 map = 17%,  reduce = 0%, Cumulative CPU 103.08 sec
2015-09-25 09:55:16,101 Stage-12 map = 27%,  reduce = 0%, Cumulative CPU 125.09 sec
2015-09-25 09:55:17,215 Stage-12 map = 32%,  reduce = 0%, Cumulative CPU 137.34 sec
2015-09-25 09:55:18,288 Stage-12 map = 47%,  reduce = 0%, Cumulative CPU 146.83 sec
2015-09-25 09:55:20,441 Stage-12 map = 56%,  reduce = 0%, Cumulative CPU 174.41 sec
2015-09-25 09:55:22,602 Stage-12 map = 66%,  reduce = 0%, Cumulative CPU 180.9 sec
2015-09-25 09:55:23,692 Stage-12 map = 76%,  reduce = 0%, Cumulative CPU 202.03 sec
2015-09-25 09:55:24,754 Stage-12 map = 85%,  reduce = 0%, Cumulative CPU 204.86 sec
2015-09-25 09:55:25,825 Stage-12 map = 95%,  reduce = 0%, Cumulative CPU 207.93 sec
2015-09-25 09:55:26,892 Stage-12 map = 100%,  reduce = 0%, Cumulative CPU 210.75 sec
MapReduce Total cumulative CPU time: 3 minutes 30 seconds 750 msec
Ended Job = job_1443170900597_0013
Stage-16 is selected by condition resolver.
Stage-17 is filtered out by condition resolver.
Stage-3 is filtered out by condition resolver.
Execution log at: /tmp/ubuntu/ubuntu_20150925095250_1e1e732b-2e23-42c7-9207-ce4cd47e01f4.log
2015-09-25 09:55:34	Starting to launch local task to process map join;	maximum memory = 932184064
2015-09-25 09:55:36	Dump the side-table for tag: 1 with group count: 60 into file: file:/tmp/ubuntu/ff78e83f-75e1-49f9-a0ed-98e9346f06d0/hive_2015-09-25_09-52-50_423_5266170260924419393-1/-local-10008/HashTable-Stage-9/MapJoin-mapfile01--.hashtable
2015-09-25 09:55:36	Uploaded 1 File to: file:/tmp/ubuntu/ff78e83f-75e1-49f9-a0ed-98e9346f06d0/hive_2015-09-25_09-52-50_423_5266170260924419393-1/-local-10008/HashTable-Stage-9/MapJoin-mapfile01--.hashtable (2248 bytes)
2015-09-25 09:55:36	End of local task; Time Taken: 2.164 sec.
Execution completed successfully
MapredLocal task succeeded
Launching Job 5 out of 9
Number of reduce tasks is set to 0 since there's no reduce operator
Starting Job = job_1443170900597_0014, Tracking URL = http://group-2-vm1:8088/proxy/application_1443170900597_0014/
Kill Command = /home/ubuntu/software/hadoop-2.6.0/bin/hadoop job  -kill job_1443170900597_0014
Hadoop job information for Stage-9: number of mappers: 3; number of reducers: 0
2015-09-25 09:55:47,181 Stage-9 map = 0%,  reduce = 0%
2015-09-25 09:55:57,842 Stage-9 map = 33%,  reduce = 0%, Cumulative CPU 5.93 sec
2015-09-25 09:55:58,918 Stage-9 map = 61%,  reduce = 0%, Cumulative CPU 21.58 sec
2015-09-25 09:56:01,029 Stage-9 map = 77%,  reduce = 0%, Cumulative CPU 23.77 sec
2015-09-25 09:56:02,131 Stage-9 map = 100%,  reduce = 0%, Cumulative CPU 27.13 sec
MapReduce Total cumulative CPU time: 27 seconds 130 msec
Ended Job = job_1443170900597_0014
Launching Job 6 out of 9
Number of reduce tasks not specified. Defaulting to jobconf value of: 10
In order to change the average load for a reducer (in bytes):
  set hive.exec.reducers.bytes.per.reducer=<number>
In order to limit the maximum number of reducers:
  set hive.exec.reducers.max=<number>
In order to set a constant number of reducers:
  set mapreduce.job.reduces=<number>
Starting Job = job_1443170900597_0015, Tracking URL = http://group-2-vm1:8088/proxy/application_1443170900597_0015/
Kill Command = /home/ubuntu/software/hadoop-2.6.0/bin/hadoop job  -kill job_1443170900597_0015
Hadoop job information for Stage-4: number of mappers: 1; number of reducers: 10
2015-09-25 09:56:10,463 Stage-4 map = 0%,  reduce = 0%
2015-09-25 09:56:19,018 Stage-4 map = 100%,  reduce = 0%, Cumulative CPU 4.5 sec
2015-09-25 09:56:26,359 Stage-4 map = 100%,  reduce = 20%, Cumulative CPU 9.91 sec
2015-09-25 09:56:27,423 Stage-4 map = 100%,  reduce = 70%, Cumulative CPU 23.43 sec
2015-09-25 09:56:28,511 Stage-4 map = 100%,  reduce = 80%, Cumulative CPU 26.16 sec
2015-09-25 09:56:29,587 Stage-4 map = 100%,  reduce = 100%, Cumulative CPU 31.6 sec
MapReduce Total cumulative CPU time: 31 seconds 600 msec
Ended Job = job_1443170900597_0015
Launching Job 7 out of 9
Number of reduce tasks determined at compile time: 1
In order to change the average load for a reducer (in bytes):
  set hive.exec.reducers.bytes.per.reducer=<number>
In order to limit the maximum number of reducers:
  set hive.exec.reducers.max=<number>
In order to set a constant number of reducers:
  set mapreduce.job.reduces=<number>
Starting Job = job_1443170900597_0016, Tracking URL = http://group-2-vm1:8088/proxy/application_1443170900597_0016/
Kill Command = /home/ubuntu/software/hadoop-2.6.0/bin/hadoop job  -kill job_1443170900597_0016
Hadoop job information for Stage-5: number of mappers: 4; number of reducers: 1
2015-09-25 09:56:37,944 Stage-5 map = 0%,  reduce = 0%
2015-09-25 09:56:47,438 Stage-5 map = 50%,  reduce = 0%, Cumulative CPU 7.36 sec
2015-09-25 09:56:48,498 Stage-5 map = 100%,  reduce = 0%, Cumulative CPU 15.21 sec
2015-09-25 09:56:54,880 Stage-5 map = 100%,  reduce = 100%, Cumulative CPU 17.51 sec
MapReduce Total cumulative CPU time: 17 seconds 510 msec
Ended Job = job_1443170900597_0016
MapReduce Jobs Launched: 
Stage-Stage-15: Map: 5   Cumulative CPU: 316.62 sec   HDFS Read: 1164950431 HDFS Write: 2535951899 SUCCESS
Stage-Stage-12: Map: 10   Cumulative CPU: 210.75 sec   HDFS Read: 2536073938 HDFS Write: 246864644 SUCCESS
Stage-Stage-9: Map: 3   Cumulative CPU: 27.13 sec   HDFS Read: 246905503 HDFS Write: 927129 SUCCESS
Stage-Stage-4: Map: 1  Reduce: 10   Cumulative CPU: 31.6 sec   HDFS Read: 977978 HDFS Write: 433108 SUCCESS
Stage-Stage-5: Map: 4  Reduce: 1   Cumulative CPU: 17.51 sec   HDFS Read: 448718 HDFS Write: 2799 SUCCESS
Total MapReduce CPU Time Spent: 10 minutes 3 seconds 610 msec
OK
Time taken: 246.701 seconds, Fetched: 100 row(s)

real	4m23.019s
user	1m9.512s
sys	0m7.783s
