
Logging initialized using configuration in jar:file:/home/ubuntu/software/hive-1.2.1/lib/hive-common-1.2.1.jar!/hive-log4j.properties
Hive history file=/tmp/ubuntu/hive_job_log_cab6e34d-e533-4cb5-8a46-ede364f56188_1847447981.txt
OK
Time taken: 1.57 seconds
Query ID = ubuntu_20150925105346_67b134ff-7e60-4090-82e8-e35d8f237cd8
Total jobs = 9
Execution log at: /tmp/ubuntu/ubuntu_20150925105346_67b134ff-7e60-4090-82e8-e35d8f237cd8.log
2015-09-25 10:53:56	Starting to launch local task to process map join;	maximum memory = 932184064
2015-09-25 10:53:58	Dump the side-table for tag: 1 with group count: 7 into file: file:/tmp/ubuntu/cab6e34d-e533-4cb5-8a46-ede364f56188/hive_2015-09-25_10-53-46_672_5453024415382719674-1/-local-10016/HashTable-Stage-15/MapJoin-mapfile41--.hashtable
2015-09-25 10:53:58	Uploaded 1 File to: file:/tmp/ubuntu/cab6e34d-e533-4cb5-8a46-ede364f56188/hive_2015-09-25_10-53-46_672_5453024415382719674-1/-local-10016/HashTable-Stage-15/MapJoin-mapfile41--.hashtable (504 bytes)
2015-09-25 10:53:58	End of local task; Time Taken: 1.902 sec.
Execution completed successfully
MapredLocal task succeeded
Launching Job 1 out of 9
Number of reduce tasks is set to 0 since there's no reduce operator
Starting Job = job_1443170900597_0052, Tracking URL = http://group-2-vm1:8088/proxy/application_1443170900597_0052/
Kill Command = /home/ubuntu/software/hadoop-2.6.0/bin/hadoop job  -kill job_1443170900597_0052
Hadoop job information for Stage-15: number of mappers: 5; number of reducers: 0
2015-09-25 10:54:14,030 Stage-15 map = 0%,  reduce = 0%
2015-09-25 10:54:27,903 Stage-15 map = 2%,  reduce = 0%, Cumulative CPU 11.2 sec
2015-09-25 10:54:34,363 Stage-15 map = 4%,  reduce = 0%, Cumulative CPU 56.79 sec
2015-09-25 10:54:36,497 Stage-15 map = 12%,  reduce = 0%, Cumulative CPU 69.56 sec
2015-09-25 10:54:39,720 Stage-15 map = 18%,  reduce = 0%, Cumulative CPU 85.54 sec
2015-09-25 10:54:40,802 Stage-15 map = 19%,  reduce = 0%, Cumulative CPU 88.79 sec
2015-09-25 10:54:42,951 Stage-15 map = 23%,  reduce = 0%, Cumulative CPU 101.53 sec
2015-09-25 10:54:46,132 Stage-15 map = 34%,  reduce = 0%, Cumulative CPU 120.3 sec
2015-09-25 10:54:49,340 Stage-15 map = 35%,  reduce = 0%, Cumulative CPU 136.43 sec
2015-09-25 10:54:51,471 Stage-15 map = 44%,  reduce = 0%, Cumulative CPU 148.64 sec
2015-09-25 10:54:55,717 Stage-15 map = 46%,  reduce = 0%, Cumulative CPU 167.64 sec
2015-09-25 10:54:57,867 Stage-15 map = 55%,  reduce = 0%, Cumulative CPU 179.98 sec
2015-09-25 10:55:01,089 Stage-15 map = 58%,  reduce = 0%, Cumulative CPU 196.05 sec
2015-09-25 10:55:02,160 Stage-15 map = 60%,  reduce = 0%, Cumulative CPU 199.17 sec
2015-09-25 10:55:04,302 Stage-15 map = 65%,  reduce = 0%, Cumulative CPU 211.57 sec
2015-09-25 10:55:07,510 Stage-15 map = 69%,  reduce = 0%, Cumulative CPU 224.19 sec
2015-09-25 10:55:09,643 Stage-15 map = 71%,  reduce = 0%, Cumulative CPU 226.73 sec
2015-09-25 10:55:10,718 Stage-15 map = 73%,  reduce = 0%, Cumulative CPU 236.19 sec
2015-09-25 10:55:12,862 Stage-15 map = 76%,  reduce = 0%, Cumulative CPU 245.74 sec
2015-09-25 10:55:13,959 Stage-15 map = 78%,  reduce = 0%, Cumulative CPU 248.84 sec
2015-09-25 10:55:16,094 Stage-15 map = 80%,  reduce = 0%, Cumulative CPU 258.33 sec
2015-09-25 10:55:17,176 Stage-15 map = 82%,  reduce = 0%, Cumulative CPU 261.39 sec
2015-09-25 10:55:19,326 Stage-15 map = 87%,  reduce = 0%, Cumulative CPU 273.52 sec
2015-09-25 10:55:22,537 Stage-15 map = 89%,  reduce = 0%, Cumulative CPU 285.26 sec
2015-09-25 10:55:25,750 Stage-15 map = 95%,  reduce = 0%, Cumulative CPU 294.3 sec
2015-09-25 10:55:27,892 Stage-15 map = 96%,  reduce = 0%, Cumulative CPU 302.97 sec
2015-09-25 10:55:30,036 Stage-15 map = 100%,  reduce = 0%, Cumulative CPU 306.22 sec
MapReduce Total cumulative CPU time: 5 minutes 6 seconds 220 msec
Ended Job = job_1443170900597_0052
Stage-18 is selected by condition resolver.
Stage-19 is filtered out by condition resolver.
Stage-2 is filtered out by condition resolver.
Execution log at: /tmp/ubuntu/ubuntu_20150925105346_67b134ff-7e60-4090-82e8-e35d8f237cd8.log
2015-09-25 10:55:36	Starting to launch local task to process map join;	maximum memory = 932184064
2015-09-25 10:55:38	Dump the side-table for tag: 1 with group count: 3863 into file: file:/tmp/ubuntu/cab6e34d-e533-4cb5-8a46-ede364f56188/hive_2015-09-25_10-53-46_672_5453024415382719674-1/-local-10012/HashTable-Stage-12/MapJoin-mapfile21--.hashtable
2015-09-25 10:55:39	Uploaded 1 File to: file:/tmp/ubuntu/cab6e34d-e533-4cb5-8a46-ede364f56188/hive_2015-09-25_10-53-46_672_5453024415382719674-1/-local-10012/HashTable-Stage-12/MapJoin-mapfile21--.hashtable (163270 bytes)
2015-09-25 10:55:39	End of local task; Time Taken: 2.783 sec.
Execution completed successfully
MapredLocal task succeeded
Launching Job 3 out of 9
Number of reduce tasks is set to 0 since there's no reduce operator
Starting Job = job_1443170900597_0053, Tracking URL = http://group-2-vm1:8088/proxy/application_1443170900597_0053/
Kill Command = /home/ubuntu/software/hadoop-2.6.0/bin/hadoop job  -kill job_1443170900597_0053
Hadoop job information for Stage-12: number of mappers: 10; number of reducers: 0
2015-09-25 10:55:52,547 Stage-12 map = 0%,  reduce = 0%
2015-09-25 10:56:04,486 Stage-12 map = 1%,  reduce = 0%, Cumulative CPU 16.48 sec
2015-09-25 10:56:05,572 Stage-12 map = 6%,  reduce = 0%, Cumulative CPU 71.62 sec
2015-09-25 10:56:06,646 Stage-12 map = 12%,  reduce = 0%, Cumulative CPU 73.08 sec
2015-09-25 10:56:10,971 Stage-12 map = 22%,  reduce = 0%, Cumulative CPU 116.95 sec
2015-09-25 10:56:12,057 Stage-12 map = 42%,  reduce = 0%, Cumulative CPU 129.78 sec
2015-09-25 10:56:13,128 Stage-12 map = 51%,  reduce = 0%, Cumulative CPU 136.07 sec
2015-09-25 10:56:14,207 Stage-12 map = 56%,  reduce = 0%, Cumulative CPU 154.56 sec
2015-09-25 10:56:18,478 Stage-12 map = 66%,  reduce = 0%, Cumulative CPU 187.75 sec
2015-09-25 10:56:19,534 Stage-12 map = 95%,  reduce = 0%, Cumulative CPU 202.11 sec
2015-09-25 10:56:20,595 Stage-12 map = 100%,  reduce = 0%, Cumulative CPU 204.87 sec
MapReduce Total cumulative CPU time: 3 minutes 24 seconds 870 msec
Ended Job = job_1443170900597_0053
Stage-16 is selected by condition resolver.
Stage-17 is filtered out by condition resolver.
Stage-3 is filtered out by condition resolver.
Execution log at: /tmp/ubuntu/ubuntu_20150925105346_67b134ff-7e60-4090-82e8-e35d8f237cd8.log
2015-09-25 10:56:26	Starting to launch local task to process map join;	maximum memory = 932184064
2015-09-25 10:56:28	Dump the side-table for tag: 1 with group count: 60 into file: file:/tmp/ubuntu/cab6e34d-e533-4cb5-8a46-ede364f56188/hive_2015-09-25_10-53-46_672_5453024415382719674-1/-local-10008/HashTable-Stage-9/MapJoin-mapfile01--.hashtable
2015-09-25 10:56:28	Uploaded 1 File to: file:/tmp/ubuntu/cab6e34d-e533-4cb5-8a46-ede364f56188/hive_2015-09-25_10-53-46_672_5453024415382719674-1/-local-10008/HashTable-Stage-9/MapJoin-mapfile01--.hashtable (2248 bytes)
2015-09-25 10:56:28	End of local task; Time Taken: 2.192 sec.
Execution completed successfully
MapredLocal task succeeded
Launching Job 5 out of 9
Number of reduce tasks is set to 0 since there's no reduce operator
Starting Job = job_1443170900597_0054, Tracking URL = http://group-2-vm1:8088/proxy/application_1443170900597_0054/
Kill Command = /home/ubuntu/software/hadoop-2.6.0/bin/hadoop job  -kill job_1443170900597_0054
Hadoop job information for Stage-9: number of mappers: 3; number of reducers: 0
2015-09-25 10:56:37,009 Stage-9 map = 0%,  reduce = 0%
2015-09-25 10:56:47,641 Stage-9 map = 33%,  reduce = 0%, Cumulative CPU 6.15 sec
2015-09-25 10:56:48,726 Stage-9 map = 65%,  reduce = 0%, Cumulative CPU 13.4 sec
2015-09-25 10:56:49,804 Stage-9 map = 83%,  reduce = 0%, Cumulative CPU 22.94 sec
2015-09-25 10:56:51,945 Stage-9 map = 100%,  reduce = 0%, Cumulative CPU 27.38 sec
MapReduce Total cumulative CPU time: 27 seconds 380 msec
Ended Job = job_1443170900597_0054
Launching Job 6 out of 9
Number of reduce tasks not specified. Defaulting to jobconf value of: 5
In order to change the average load for a reducer (in bytes):
  set hive.exec.reducers.bytes.per.reducer=<number>
In order to limit the maximum number of reducers:
  set hive.exec.reducers.max=<number>
In order to set a constant number of reducers:
  set mapreduce.job.reduces=<number>
Starting Job = job_1443170900597_0055, Tracking URL = http://group-2-vm1:8088/proxy/application_1443170900597_0055/
Kill Command = /home/ubuntu/software/hadoop-2.6.0/bin/hadoop job  -kill job_1443170900597_0055
Hadoop job information for Stage-4: number of mappers: 1; number of reducers: 5
2015-09-25 10:57:01,512 Stage-4 map = 0%,  reduce = 0%
2015-09-25 10:57:10,968 Stage-4 map = 100%,  reduce = 0%, Cumulative CPU 4.7 sec
2015-09-25 10:57:19,402 Stage-4 map = 100%,  reduce = 80%, Cumulative CPU 16.9 sec
2015-09-25 10:57:20,474 Stage-4 map = 100%,  reduce = 100%, Cumulative CPU 20.02 sec
MapReduce Total cumulative CPU time: 20 seconds 20 msec
Ended Job = job_1443170900597_0055
Launching Job 7 out of 9
Number of reduce tasks determined at compile time: 1
In order to change the average load for a reducer (in bytes):
  set hive.exec.reducers.bytes.per.reducer=<number>
In order to limit the maximum number of reducers:
  set hive.exec.reducers.max=<number>
In order to set a constant number of reducers:
  set mapreduce.job.reduces=<number>
Starting Job = job_1443170900597_0056, Tracking URL = http://group-2-vm1:8088/proxy/application_1443170900597_0056/
Kill Command = /home/ubuntu/software/hadoop-2.6.0/bin/hadoop job  -kill job_1443170900597_0056
Hadoop job information for Stage-5: number of mappers: 4; number of reducers: 1
2015-09-25 10:57:28,863 Stage-5 map = 0%,  reduce = 0%
2015-09-25 10:57:38,487 Stage-5 map = 100%,  reduce = 0%, Cumulative CPU 11.28 sec
2015-09-25 10:57:45,876 Stage-5 map = 100%,  reduce = 100%, Cumulative CPU 13.64 sec
MapReduce Total cumulative CPU time: 13 seconds 640 msec
Ended Job = job_1443170900597_0056
MapReduce Jobs Launched: 
Stage-Stage-15: Map: 5   Cumulative CPU: 306.22 sec   HDFS Read: 1164950431 HDFS Write: 2535951899 SUCCESS
Stage-Stage-12: Map: 10   Cumulative CPU: 204.87 sec   HDFS Read: 2536073938 HDFS Write: 246864644 SUCCESS
Stage-Stage-9: Map: 3   Cumulative CPU: 27.38 sec   HDFS Read: 246905503 HDFS Write: 1057872 SUCCESS
Stage-Stage-4: Map: 1  Reduce: 5   Cumulative CPU: 20.02 sec   HDFS Read: 1085021 HDFS Write: 432708 SUCCESS
Stage-Stage-5: Map: 4  Reduce: 1   Cumulative CPU: 13.64 sec   HDFS Read: 447018 HDFS Write: 2799 SUCCESS
Total MapReduce CPU Time Spent: 9 minutes 32 seconds 130 msec
OK
Time taken: 240.381 seconds, Fetched: 100 row(s)

real	4m17.019s
user	1m9.468s
sys	0m7.973s
