
Logging initialized using configuration in jar:file:/home/ubuntu/software/hive-1.2.1/lib/hive-common-1.2.1.jar!/hive-log4j.properties
Hive history file=/tmp/ubuntu/hive_job_log_448135b0-b021-4c2b-bfba-61a040cf02c9_1505682453.txt
OK
Time taken: 1.456 seconds
Query ID = ubuntu_20150925101957_dd206fda-0882-41d2-b1a9-a3126d492777
Total jobs = 9
Execution log at: /tmp/ubuntu/ubuntu_20150925101957_dd206fda-0882-41d2-b1a9-a3126d492777.log
2015-09-25 10:20:07	Starting to launch local task to process map join;	maximum memory = 932184064
2015-09-25 10:20:09	Dump the side-table for tag: 1 with group count: 7 into file: file:/tmp/ubuntu/448135b0-b021-4c2b-bfba-61a040cf02c9/hive_2015-09-25_10-19-57_824_4545114938206255031-1/-local-10016/HashTable-Stage-15/MapJoin-mapfile41--.hashtable
2015-09-25 10:20:09	Uploaded 1 File to: file:/tmp/ubuntu/448135b0-b021-4c2b-bfba-61a040cf02c9/hive_2015-09-25_10-19-57_824_4545114938206255031-1/-local-10016/HashTable-Stage-15/MapJoin-mapfile41--.hashtable (504 bytes)
2015-09-25 10:20:09	End of local task; Time Taken: 1.929 sec.
Execution completed successfully
MapredLocal task succeeded
Launching Job 1 out of 9
Number of reduce tasks is set to 0 since there's no reduce operator
Starting Job = job_1443170900597_0027, Tracking URL = http://group-2-vm1:8088/proxy/application_1443170900597_0027/
Kill Command = /home/ubuntu/software/hadoop-2.6.0/bin/hadoop job  -kill job_1443170900597_0027
Hadoop job information for Stage-15: number of mappers: 5; number of reducers: 0
2015-09-25 10:20:26,717 Stage-15 map = 0%,  reduce = 0%
2015-09-25 10:20:41,485 Stage-15 map = 2%,  reduce = 0%, Cumulative CPU 11.4 sec
2015-09-25 10:20:47,814 Stage-15 map = 4%,  reduce = 0%, Cumulative CPU 57.05 sec
2015-09-25 10:20:48,936 Stage-15 map = 12%,  reduce = 0%, Cumulative CPU 69.46 sec
2015-09-25 10:20:52,097 Stage-15 map = 14%,  reduce = 0%, Cumulative CPU 85.52 sec
2015-09-25 10:20:54,218 Stage-15 map = 16%,  reduce = 0%, Cumulative CPU 88.82 sec
2015-09-25 10:20:55,287 Stage-15 map = 23%,  reduce = 0%, Cumulative CPU 101.18 sec
2015-09-25 10:20:58,454 Stage-15 map = 25%,  reduce = 0%, Cumulative CPU 116.36 sec
2015-09-25 10:20:59,517 Stage-15 map = 27%,  reduce = 0%, Cumulative CPU 119.49 sec
2015-09-25 10:21:01,635 Stage-15 map = 34%,  reduce = 0%, Cumulative CPU 130.55 sec
2015-09-25 10:21:04,800 Stage-15 map = 35%,  reduce = 0%, Cumulative CPU 146.17 sec
2015-09-25 10:21:05,857 Stage-15 map = 37%,  reduce = 0%, Cumulative CPU 149.33 sec
2015-09-25 10:21:06,915 Stage-15 map = 44%,  reduce = 0%, Cumulative CPU 161.92 sec
2015-09-25 10:21:10,089 Stage-15 map = 51%,  reduce = 0%, Cumulative CPU 177.5 sec
2015-09-25 10:21:12,202 Stage-15 map = 53%,  reduce = 0%, Cumulative CPU 180.36 sec
2015-09-25 10:21:13,266 Stage-15 map = 55%,  reduce = 0%, Cumulative CPU 192.78 sec
2015-09-25 10:21:15,383 Stage-15 map = 58%,  reduce = 0%, Cumulative CPU 197.87 sec
2015-09-25 10:21:16,449 Stage-15 map = 62%,  reduce = 0%, Cumulative CPU 207.25 sec
2015-09-25 10:21:17,511 Stage-15 map = 64%,  reduce = 0%, Cumulative CPU 210.33 sec
2015-09-25 10:21:19,624 Stage-15 map = 67%,  reduce = 0%, Cumulative CPU 219.86 sec
2015-09-25 10:21:22,787 Stage-15 map = 69%,  reduce = 0%, Cumulative CPU 232.54 sec
2015-09-25 10:21:23,845 Stage-15 map = 71%,  reduce = 0%, Cumulative CPU 235.74 sec
2015-09-25 10:21:25,952 Stage-15 map = 75%,  reduce = 0%, Cumulative CPU 245.19 sec
2015-09-25 10:21:28,099 Stage-15 map = 76%,  reduce = 0%, Cumulative CPU 257.38 sec
2015-09-25 10:21:30,210 Stage-15 map = 78%,  reduce = 0%, Cumulative CPU 260.5 sec
2015-09-25 10:21:31,269 Stage-15 map = 82%,  reduce = 0%, Cumulative CPU 269.86 sec
2015-09-25 10:21:34,434 Stage-15 map = 84%,  reduce = 0%, Cumulative CPU 282.14 sec
2015-09-25 10:21:36,544 Stage-15 map = 85%,  reduce = 0%, Cumulative CPU 285.22 sec
2015-09-25 10:21:37,596 Stage-15 map = 89%,  reduce = 0%, Cumulative CPU 294.47 sec
2015-09-25 10:21:39,729 Stage-15 map = 91%,  reduce = 0%, Cumulative CPU 298.06 sec
2015-09-25 10:21:40,821 Stage-15 map = 95%,  reduce = 0%, Cumulative CPU 307.0 sec
2015-09-25 10:21:44,005 Stage-15 map = 98%,  reduce = 0%, Cumulative CPU 312.97 sec
2015-09-25 10:21:47,219 Stage-15 map = 100%,  reduce = 0%, Cumulative CPU 316.36 sec
MapReduce Total cumulative CPU time: 5 minutes 16 seconds 360 msec
Ended Job = job_1443170900597_0027
Stage-18 is selected by condition resolver.
Stage-19 is filtered out by condition resolver.
Stage-2 is filtered out by condition resolver.
Execution log at: /tmp/ubuntu/ubuntu_20150925101957_dd206fda-0882-41d2-b1a9-a3126d492777.log
2015-09-25 10:21:53	Starting to launch local task to process map join;	maximum memory = 932184064
2015-09-25 10:21:55	Dump the side-table for tag: 1 with group count: 3863 into file: file:/tmp/ubuntu/448135b0-b021-4c2b-bfba-61a040cf02c9/hive_2015-09-25_10-19-57_824_4545114938206255031-1/-local-10012/HashTable-Stage-12/MapJoin-mapfile21--.hashtable
2015-09-25 10:21:56	Uploaded 1 File to: file:/tmp/ubuntu/448135b0-b021-4c2b-bfba-61a040cf02c9/hive_2015-09-25_10-19-57_824_4545114938206255031-1/-local-10012/HashTable-Stage-12/MapJoin-mapfile21--.hashtable (163270 bytes)
2015-09-25 10:21:56	End of local task; Time Taken: 2.629 sec.
Execution completed successfully
MapredLocal task succeeded
Launching Job 3 out of 9
Number of reduce tasks is set to 0 since there's no reduce operator
Starting Job = job_1443170900597_0028, Tracking URL = http://group-2-vm1:8088/proxy/application_1443170900597_0028/
Kill Command = /home/ubuntu/software/hadoop-2.6.0/bin/hadoop job  -kill job_1443170900597_0028
Hadoop job information for Stage-12: number of mappers: 10; number of reducers: 0
2015-09-25 10:22:04,629 Stage-12 map = 0%,  reduce = 0%
2015-09-25 10:22:16,249 Stage-12 map = 4%,  reduce = 0%, Cumulative CPU 16.46 sec
2015-09-25 10:22:17,312 Stage-12 map = 10%,  reduce = 0%, Cumulative CPU 24.0 sec
2015-09-25 10:22:21,626 Stage-12 map = 12%,  reduce = 0%, Cumulative CPU 87.08 sec
2015-09-25 10:22:23,826 Stage-12 map = 27%,  reduce = 0%, Cumulative CPU 102.81 sec
2015-09-25 10:22:25,972 Stage-12 map = 32%,  reduce = 0%, Cumulative CPU 118.66 sec
2015-09-25 10:22:27,032 Stage-12 map = 42%,  reduce = 0%, Cumulative CPU 143.33 sec
2015-09-25 10:22:30,191 Stage-12 map = 56%,  reduce = 0%, Cumulative CPU 170.86 sec
2015-09-25 10:22:31,276 Stage-12 map = 61%,  reduce = 0%, Cumulative CPU 173.93 sec
2015-09-25 10:22:32,372 Stage-12 map = 71%,  reduce = 0%, Cumulative CPU 179.12 sec
2015-09-25 10:22:33,436 Stage-12 map = 81%,  reduce = 0%, Cumulative CPU 197.77 sec
2015-09-25 10:22:35,580 Stage-12 map = 86%,  reduce = 0%, Cumulative CPU 200.06 sec
2015-09-25 10:22:36,638 Stage-12 map = 95%,  reduce = 0%, Cumulative CPU 209.58 sec
2015-09-25 10:22:38,796 Stage-12 map = 100%,  reduce = 0%, Cumulative CPU 211.35 sec
MapReduce Total cumulative CPU time: 3 minutes 31 seconds 350 msec
Ended Job = job_1443170900597_0028
Stage-16 is selected by condition resolver.
Stage-17 is filtered out by condition resolver.
Stage-3 is filtered out by condition resolver.
Execution log at: /tmp/ubuntu/ubuntu_20150925101957_dd206fda-0882-41d2-b1a9-a3126d492777.log
2015-09-25 10:22:44	Starting to launch local task to process map join;	maximum memory = 932184064
2015-09-25 10:22:47	Dump the side-table for tag: 1 with group count: 60 into file: file:/tmp/ubuntu/448135b0-b021-4c2b-bfba-61a040cf02c9/hive_2015-09-25_10-19-57_824_4545114938206255031-1/-local-10008/HashTable-Stage-9/MapJoin-mapfile01--.hashtable
2015-09-25 10:22:47	Uploaded 1 File to: file:/tmp/ubuntu/448135b0-b021-4c2b-bfba-61a040cf02c9/hive_2015-09-25_10-19-57_824_4545114938206255031-1/-local-10008/HashTable-Stage-9/MapJoin-mapfile01--.hashtable (2248 bytes)
2015-09-25 10:22:47	End of local task; Time Taken: 2.515 sec.
Execution completed successfully
MapredLocal task succeeded
Launching Job 5 out of 9
Number of reduce tasks is set to 0 since there's no reduce operator
Starting Job = job_1443170900597_0029, Tracking URL = http://group-2-vm1:8088/proxy/application_1443170900597_0029/
Kill Command = /home/ubuntu/software/hadoop-2.6.0/bin/hadoop job  -kill job_1443170900597_0029
Hadoop job information for Stage-9: number of mappers: 3; number of reducers: 0
2015-09-25 10:22:57,275 Stage-9 map = 0%,  reduce = 0%
2015-09-25 10:23:06,849 Stage-9 map = 33%,  reduce = 0%, Cumulative CPU 5.02 sec
2015-09-25 10:23:07,909 Stage-9 map = 50%,  reduce = 0%, Cumulative CPU 12.93 sec
2015-09-25 10:23:08,979 Stage-9 map = 75%,  reduce = 0%, Cumulative CPU 20.05 sec
2015-09-25 10:23:11,140 Stage-9 map = 100%,  reduce = 0%, Cumulative CPU 27.82 sec
MapReduce Total cumulative CPU time: 27 seconds 820 msec
Ended Job = job_1443170900597_0029
Launching Job 6 out of 9
Number of reduce tasks not specified. Defaulting to jobconf value of: 5
In order to change the average load for a reducer (in bytes):
  set hive.exec.reducers.bytes.per.reducer=<number>
In order to limit the maximum number of reducers:
  set hive.exec.reducers.max=<number>
In order to set a constant number of reducers:
  set mapreduce.job.reduces=<number>
Starting Job = job_1443170900597_0030, Tracking URL = http://group-2-vm1:8088/proxy/application_1443170900597_0030/
Kill Command = /home/ubuntu/software/hadoop-2.6.0/bin/hadoop job  -kill job_1443170900597_0030
Hadoop job information for Stage-4: number of mappers: 1; number of reducers: 5
2015-09-25 10:23:20,567 Stage-4 map = 0%,  reduce = 0%
2015-09-25 10:23:28,101 Stage-4 map = 100%,  reduce = 0%, Cumulative CPU 4.55 sec
2015-09-25 10:23:36,515 Stage-4 map = 100%,  reduce = 80%, Cumulative CPU 10.71 sec
2015-09-25 10:23:37,580 Stage-4 map = 100%,  reduce = 100%, Cumulative CPU 20.07 sec
MapReduce Total cumulative CPU time: 20 seconds 70 msec
Ended Job = job_1443170900597_0030
Launching Job 7 out of 9
Number of reduce tasks determined at compile time: 1
In order to change the average load for a reducer (in bytes):
  set hive.exec.reducers.bytes.per.reducer=<number>
In order to limit the maximum number of reducers:
  set hive.exec.reducers.max=<number>
In order to set a constant number of reducers:
  set mapreduce.job.reduces=<number>
Starting Job = job_1443170900597_0031, Tracking URL = http://group-2-vm1:8088/proxy/application_1443170900597_0031/
Kill Command = /home/ubuntu/software/hadoop-2.6.0/bin/hadoop job  -kill job_1443170900597_0031
Hadoop job information for Stage-5: number of mappers: 4; number of reducers: 1
2015-09-25 10:23:45,912 Stage-5 map = 0%,  reduce = 0%
2015-09-25 10:23:55,468 Stage-5 map = 100%,  reduce = 0%, Cumulative CPU 12.05 sec
2015-09-25 10:24:02,917 Stage-5 map = 100%,  reduce = 100%, Cumulative CPU 14.36 sec
MapReduce Total cumulative CPU time: 14 seconds 360 msec
Ended Job = job_1443170900597_0031
MapReduce Jobs Launched: 
Stage-Stage-15: Map: 5   Cumulative CPU: 316.36 sec   HDFS Read: 1164950431 HDFS Write: 2535951899 SUCCESS
Stage-Stage-12: Map: 10   Cumulative CPU: 211.35 sec   HDFS Read: 2536073938 HDFS Write: 246864644 SUCCESS
Stage-Stage-9: Map: 3   Cumulative CPU: 27.82 sec   HDFS Read: 246905503 HDFS Write: 1247140 SUCCESS
Stage-Stage-4: Map: 1  Reduce: 5   Cumulative CPU: 20.07 sec   HDFS Read: 1274289 HDFS Write: 432708 SUCCESS
Stage-Stage-5: Map: 4  Reduce: 1   Cumulative CPU: 14.36 sec   HDFS Read: 447018 HDFS Write: 2799 SUCCESS
Total MapReduce CPU Time Spent: 9 minutes 49 seconds 960 msec
OK
Time taken: 246.246 seconds, Fetched: 100 row(s)

real	4m22.528s
user	1m8.122s
sys	0m7.562s
