
Logging initialized using configuration in jar:file:/home/ubuntu/software/hive-1.2.1/lib/hive-common-1.2.1.jar!/hive-log4j.properties
Hive history file=/tmp/ubuntu/hive_job_log_74ddbf0d-0b6b-4bb6-9993-2e7b5d93cb93_283058493.txt
OK
Time taken: 1.506 seconds
Query ID = ubuntu_20150925095956_c0f41dbf-ecff-4661-a3d7-15381b7de4bb
Total jobs = 9
Execution log at: /tmp/ubuntu/ubuntu_20150925095956_c0f41dbf-ecff-4661-a3d7-15381b7de4bb.log
2015-09-25 10:00:07	Starting to launch local task to process map join;	maximum memory = 932184064
2015-09-25 10:00:08	Dump the side-table for tag: 1 with group count: 7 into file: file:/tmp/ubuntu/74ddbf0d-0b6b-4bb6-9993-2e7b5d93cb93/hive_2015-09-25_09-59-56_852_3269215344945303509-1/-local-10016/HashTable-Stage-15/MapJoin-mapfile41--.hashtable
2015-09-25 10:00:08	Uploaded 1 File to: file:/tmp/ubuntu/74ddbf0d-0b6b-4bb6-9993-2e7b5d93cb93/hive_2015-09-25_09-59-56_852_3269215344945303509-1/-local-10016/HashTable-Stage-15/MapJoin-mapfile41--.hashtable (504 bytes)
2015-09-25 10:00:08	End of local task; Time Taken: 1.872 sec.
Execution completed successfully
MapredLocal task succeeded
Launching Job 1 out of 9
Number of reduce tasks is set to 0 since there's no reduce operator
Starting Job = job_1443170900597_0017, Tracking URL = http://group-2-vm1:8088/proxy/application_1443170900597_0017/
Kill Command = /home/ubuntu/software/hadoop-2.6.0/bin/hadoop job  -kill job_1443170900597_0017
Hadoop job information for Stage-15: number of mappers: 5; number of reducers: 0
2015-09-25 10:00:21,265 Stage-15 map = 0%,  reduce = 0%
2015-09-25 10:00:40,395 Stage-15 map = 2%,  reduce = 0%, Cumulative CPU 47.93 sec
2015-09-25 10:00:43,640 Stage-15 map = 11%,  reduce = 0%, Cumulative CPU 63.99 sec
2015-09-25 10:00:45,767 Stage-15 map = 12%,  reduce = 0%, Cumulative CPU 67.22 sec
2015-09-25 10:00:50,056 Stage-15 map = 21%,  reduce = 0%, Cumulative CPU 96.04 sec
2015-09-25 10:00:52,198 Stage-15 map = 25%,  reduce = 0%, Cumulative CPU 111.56 sec
2015-09-25 10:00:55,413 Stage-15 map = 34%,  reduce = 0%, Cumulative CPU 126.93 sec
2015-09-25 10:00:58,616 Stage-15 map = 42%,  reduce = 0%, Cumulative CPU 142.38 sec
2015-09-25 10:01:00,750 Stage-15 map = 44%,  reduce = 0%, Cumulative CPU 145.56 sec
2015-09-25 10:01:05,028 Stage-15 map = 53%,  reduce = 0%, Cumulative CPU 173.71 sec
2015-09-25 10:01:07,171 Stage-15 map = 55%,  reduce = 0%, Cumulative CPU 176.76 sec
2015-09-25 10:01:09,320 Stage-15 map = 58%,  reduce = 0%, Cumulative CPU 190.67 sec
2015-09-25 10:01:10,398 Stage-15 map = 64%,  reduce = 0%, Cumulative CPU 196.99 sec
2015-09-25 10:01:13,628 Stage-15 map = 67%,  reduce = 0%, Cumulative CPU 215.81 sec
2015-09-25 10:01:16,856 Stage-15 map = 71%,  reduce = 0%, Cumulative CPU 228.33 sec
2015-09-25 10:01:19,001 Stage-15 map = 73%,  reduce = 0%, Cumulative CPU 231.52 sec
2015-09-25 10:01:20,086 Stage-15 map = 78%,  reduce = 0%, Cumulative CPU 241.06 sec
2015-09-25 10:01:25,435 Stage-15 map = 80%,  reduce = 0%, Cumulative CPU 256.66 sec
2015-09-25 10:01:26,527 Stage-15 map = 85%,  reduce = 0%, Cumulative CPU 265.32 sec
2015-09-25 10:01:28,653 Stage-15 map = 89%,  reduce = 0%, Cumulative CPU 277.8 sec
2015-09-25 10:01:31,962 Stage-15 map = 93%,  reduce = 0%, Cumulative CPU 290.28 sec
2015-09-25 10:01:33,027 Stage-15 map = 95%,  reduce = 0%, Cumulative CPU 292.28 sec
2015-09-25 10:01:34,083 Stage-15 map = 96%,  reduce = 0%, Cumulative CPU 294.53 sec
2015-09-25 10:01:35,161 Stage-15 map = 98%,  reduce = 0%, Cumulative CPU 300.95 sec
2015-09-25 10:01:36,229 Stage-15 map = 100%,  reduce = 0%, Cumulative CPU 302.4 sec
MapReduce Total cumulative CPU time: 5 minutes 2 seconds 400 msec
Ended Job = job_1443170900597_0017
Stage-18 is selected by condition resolver.
Stage-19 is filtered out by condition resolver.
Stage-2 is filtered out by condition resolver.
Execution log at: /tmp/ubuntu/ubuntu_20150925095956_c0f41dbf-ecff-4661-a3d7-15381b7de4bb.log
2015-09-25 10:01:43	Starting to launch local task to process map join;	maximum memory = 932184064
2015-09-25 10:01:45	Dump the side-table for tag: 1 with group count: 3863 into file: file:/tmp/ubuntu/74ddbf0d-0b6b-4bb6-9993-2e7b5d93cb93/hive_2015-09-25_09-59-56_852_3269215344945303509-1/-local-10012/HashTable-Stage-12/MapJoin-mapfile21--.hashtable
2015-09-25 10:01:46	Uploaded 1 File to: file:/tmp/ubuntu/74ddbf0d-0b6b-4bb6-9993-2e7b5d93cb93/hive_2015-09-25_09-59-56_852_3269215344945303509-1/-local-10012/HashTable-Stage-12/MapJoin-mapfile21--.hashtable (163270 bytes)
2015-09-25 10:01:46	End of local task; Time Taken: 2.65 sec.
Execution completed successfully
MapredLocal task succeeded
Launching Job 3 out of 9
Number of reduce tasks is set to 0 since there's no reduce operator
Starting Job = job_1443170900597_0018, Tracking URL = http://group-2-vm1:8088/proxy/application_1443170900597_0018/
Kill Command = /home/ubuntu/software/hadoop-2.6.0/bin/hadoop job  -kill job_1443170900597_0018
Hadoop job information for Stage-12: number of mappers: 10; number of reducers: 0
2015-09-25 10:01:54,360 Stage-12 map = 0%,  reduce = 0%
2015-09-25 10:02:07,078 Stage-12 map = 1%,  reduce = 0%, Cumulative CPU 16.51 sec
2015-09-25 10:02:08,146 Stage-12 map = 2%,  reduce = 0%, Cumulative CPU 43.92 sec
2015-09-25 10:02:11,340 Stage-12 map = 6%,  reduce = 0%, Cumulative CPU 89.98 sec
2015-09-25 10:02:13,488 Stage-12 map = 22%,  reduce = 0%, Cumulative CPU 107.51 sec
2015-09-25 10:02:14,547 Stage-12 map = 27%,  reduce = 0%, Cumulative CPU 120.24 sec
2015-09-25 10:02:15,620 Stage-12 map = 36%,  reduce = 0%, Cumulative CPU 126.46 sec
2015-09-25 10:02:16,691 Stage-12 map = 41%,  reduce = 0%, Cumulative CPU 138.91 sec
2015-09-25 10:02:17,773 Stage-12 map = 56%,  reduce = 0%, Cumulative CPU 148.31 sec
2015-09-25 10:02:20,964 Stage-12 map = 61%,  reduce = 0%, Cumulative CPU 178.68 sec
2015-09-25 10:02:22,022 Stage-12 map = 80%,  reduce = 0%, Cumulative CPU 190.2 sec
2015-09-25 10:02:24,134 Stage-12 map = 85%,  reduce = 0%, Cumulative CPU 201.5 sec
2015-09-25 10:02:25,213 Stage-12 map = 95%,  reduce = 0%, Cumulative CPU 204.69 sec
2015-09-25 10:02:26,277 Stage-12 map = 100%,  reduce = 0%, Cumulative CPU 207.34 sec
MapReduce Total cumulative CPU time: 3 minutes 27 seconds 340 msec
Ended Job = job_1443170900597_0018
Stage-16 is selected by condition resolver.
Stage-17 is filtered out by condition resolver.
Stage-3 is filtered out by condition resolver.
Execution log at: /tmp/ubuntu/ubuntu_20150925095956_c0f41dbf-ecff-4661-a3d7-15381b7de4bb.log
2015-09-25 10:02:32	Starting to launch local task to process map join;	maximum memory = 932184064
2015-09-25 10:02:34	Dump the side-table for tag: 1 with group count: 60 into file: file:/tmp/ubuntu/74ddbf0d-0b6b-4bb6-9993-2e7b5d93cb93/hive_2015-09-25_09-59-56_852_3269215344945303509-1/-local-10008/HashTable-Stage-9/MapJoin-mapfile01--.hashtable
2015-09-25 10:02:34	Uploaded 1 File to: file:/tmp/ubuntu/74ddbf0d-0b6b-4bb6-9993-2e7b5d93cb93/hive_2015-09-25_09-59-56_852_3269215344945303509-1/-local-10008/HashTable-Stage-9/MapJoin-mapfile01--.hashtable (2248 bytes)
2015-09-25 10:02:34	End of local task; Time Taken: 2.115 sec.
Execution completed successfully
MapredLocal task succeeded
Launching Job 5 out of 9
Number of reduce tasks is set to 0 since there's no reduce operator
Starting Job = job_1443170900597_0019, Tracking URL = http://group-2-vm1:8088/proxy/application_1443170900597_0019/
Kill Command = /home/ubuntu/software/hadoop-2.6.0/bin/hadoop job  -kill job_1443170900597_0019
Hadoop job information for Stage-9: number of mappers: 3; number of reducers: 0
2015-09-25 10:02:42,712 Stage-9 map = 0%,  reduce = 0%
2015-09-25 10:02:54,369 Stage-9 map = 33%,  reduce = 0%, Cumulative CPU 6.16 sec
2015-09-25 10:02:55,443 Stage-9 map = 61%,  reduce = 0%, Cumulative CPU 21.63 sec
2015-09-25 10:02:56,506 Stage-9 map = 77%,  reduce = 0%, Cumulative CPU 23.37 sec
2015-09-25 10:02:57,571 Stage-9 map = 100%,  reduce = 0%, Cumulative CPU 26.58 sec
MapReduce Total cumulative CPU time: 26 seconds 580 msec
Ended Job = job_1443170900597_0019
Launching Job 6 out of 9
Number of reduce tasks not specified. Defaulting to jobconf value of: 20
In order to change the average load for a reducer (in bytes):
  set hive.exec.reducers.bytes.per.reducer=<number>
In order to limit the maximum number of reducers:
  set hive.exec.reducers.max=<number>
In order to set a constant number of reducers:
  set mapreduce.job.reduces=<number>
Starting Job = job_1443170900597_0020, Tracking URL = http://group-2-vm1:8088/proxy/application_1443170900597_0020/
Kill Command = /home/ubuntu/software/hadoop-2.6.0/bin/hadoop job  -kill job_1443170900597_0020
Hadoop job information for Stage-4: number of mappers: 1; number of reducers: 20
2015-09-25 10:03:05,865 Stage-4 map = 0%,  reduce = 0%
2015-09-25 10:03:14,377 Stage-4 map = 100%,  reduce = 0%, Cumulative CPU 4.49 sec
2015-09-25 10:03:22,850 Stage-4 map = 100%,  reduce = 20%, Cumulative CPU 14.93 sec
2015-09-25 10:03:23,902 Stage-4 map = 100%,  reduce = 40%, Cumulative CPU 24.95 sec
2015-09-25 10:03:24,954 Stage-4 map = 100%,  reduce = 60%, Cumulative CPU 35.16 sec
2015-09-25 10:03:26,021 Stage-4 map = 100%,  reduce = 80%, Cumulative CPU 44.94 sec
2015-09-25 10:03:28,113 Stage-4 map = 100%,  reduce = 85%, Cumulative CPU 44.94 sec
2015-09-25 10:03:29,170 Stage-4 map = 100%,  reduce = 95%, Cumulative CPU 52.16 sec
2015-09-25 10:03:30,235 Stage-4 map = 100%,  reduce = 100%, Cumulative CPU 54.62 sec
MapReduce Total cumulative CPU time: 54 seconds 620 msec
Ended Job = job_1443170900597_0020
Launching Job 7 out of 9
Number of reduce tasks determined at compile time: 1
In order to change the average load for a reducer (in bytes):
  set hive.exec.reducers.bytes.per.reducer=<number>
In order to limit the maximum number of reducers:
  set hive.exec.reducers.max=<number>
In order to set a constant number of reducers:
  set mapreduce.job.reduces=<number>
Starting Job = job_1443170900597_0021, Tracking URL = http://group-2-vm1:8088/proxy/application_1443170900597_0021/
Kill Command = /home/ubuntu/software/hadoop-2.6.0/bin/hadoop job  -kill job_1443170900597_0021
Hadoop job information for Stage-5: number of mappers: 4; number of reducers: 1
2015-09-25 10:03:38,992 Stage-5 map = 0%,  reduce = 0%
2015-09-25 10:03:49,582 Stage-5 map = 100%,  reduce = 0%, Cumulative CPU 13.38 sec
2015-09-25 10:03:57,082 Stage-5 map = 100%,  reduce = 100%, Cumulative CPU 15.68 sec
MapReduce Total cumulative CPU time: 15 seconds 680 msec
Ended Job = job_1443170900597_0021
MapReduce Jobs Launched: 
Stage-Stage-15: Map: 5   Cumulative CPU: 302.4 sec   HDFS Read: 1164950431 HDFS Write: 2535951899 SUCCESS
Stage-Stage-12: Map: 10   Cumulative CPU: 207.34 sec   HDFS Read: 2536073938 HDFS Write: 246864644 SUCCESS
Stage-Stage-9: Map: 3   Cumulative CPU: 26.58 sec   HDFS Read: 246905503 HDFS Write: 927129 SUCCESS
Stage-Stage-4: Map: 1  Reduce: 20   Cumulative CPU: 54.62 sec   HDFS Read: 1025378 HDFS Write: 433988 SUCCESS
Stage-Stage-5: Map: 4  Reduce: 1   Cumulative CPU: 15.68 sec   HDFS Read: 452198 HDFS Write: 2799 SUCCESS
Total MapReduce CPU Time Spent: 10 minutes 6 seconds 620 msec
OK
Time taken: 241.446 seconds, Fetched: 100 row(s)

real	4m17.713s
user	1m9.483s
sys	0m7.893s
