
Logging initialized using configuration in jar:file:/home/ubuntu/software/hive-1.2.1/lib/hive-common-1.2.1.jar!/hive-log4j.properties
Hive history file=/tmp/ubuntu/hive_job_log_b32417f8-c613-438f-b604-27fa267aae4f_1068591621.txt
OK
Time taken: 1.604 seconds
Query ID = ubuntu_20150925102531_5443cbc9-5ca3-4408-9d6f-7cd24e716bda
Total jobs = 9
Execution log at: /tmp/ubuntu/ubuntu_20150925102531_5443cbc9-5ca3-4408-9d6f-7cd24e716bda.log
2015-09-25 10:25:41	Starting to launch local task to process map join;	maximum memory = 932184064
2015-09-25 10:25:43	Dump the side-table for tag: 1 with group count: 7 into file: file:/tmp/ubuntu/b32417f8-c613-438f-b604-27fa267aae4f/hive_2015-09-25_10-25-31_458_6283615556683695791-1/-local-10016/HashTable-Stage-15/MapJoin-mapfile41--.hashtable
2015-09-25 10:25:43	Uploaded 1 File to: file:/tmp/ubuntu/b32417f8-c613-438f-b604-27fa267aae4f/hive_2015-09-25_10-25-31_458_6283615556683695791-1/-local-10016/HashTable-Stage-15/MapJoin-mapfile41--.hashtable (504 bytes)
2015-09-25 10:25:43	End of local task; Time Taken: 1.887 sec.
Execution completed successfully
MapredLocal task succeeded
Launching Job 1 out of 9
Number of reduce tasks is set to 0 since there's no reduce operator
Starting Job = job_1443170900597_0032, Tracking URL = http://group-2-vm1:8088/proxy/application_1443170900597_0032/
Kill Command = /home/ubuntu/software/hadoop-2.6.0/bin/hadoop job  -kill job_1443170900597_0032
Hadoop job information for Stage-15: number of mappers: 5; number of reducers: 0
2015-09-25 10:25:59,849 Stage-15 map = 0%,  reduce = 0%
2015-09-25 10:26:18,020 Stage-15 map = 11%,  reduce = 0%, Cumulative CPU 62.66 sec
2015-09-25 10:26:21,230 Stage-15 map = 12%,  reduce = 0%, Cumulative CPU 78.72 sec
2015-09-25 10:26:24,510 Stage-15 map = 21%,  reduce = 0%, Cumulative CPU 94.58 sec
2015-09-25 10:26:27,735 Stage-15 map = 30%,  reduce = 0%, Cumulative CPU 110.22 sec
2015-09-25 10:26:29,889 Stage-15 map = 32%,  reduce = 0%, Cumulative CPU 113.55 sec
2015-09-25 10:26:33,081 Stage-15 map = 41%,  reduce = 0%, Cumulative CPU 129.6 sec
2015-09-25 10:26:34,164 Stage-15 map = 42%,  reduce = 0%, Cumulative CPU 141.89 sec
2015-09-25 10:26:39,529 Stage-15 map = 53%,  reduce = 0%, Cumulative CPU 173.05 sec
2015-09-25 10:26:44,888 Stage-15 map = 58%,  reduce = 0%, Cumulative CPU 190.68 sec
2015-09-25 10:26:45,952 Stage-15 map = 64%,  reduce = 0%, Cumulative CPU 202.08 sec
2015-09-25 10:26:49,138 Stage-15 map = 65%,  reduce = 0%, Cumulative CPU 214.7 sec
2015-09-25 10:26:51,275 Stage-15 map = 67%,  reduce = 0%, Cumulative CPU 217.84 sec
2015-09-25 10:26:52,360 Stage-15 map = 71%,  reduce = 0%, Cumulative CPU 226.86 sec
2015-09-25 10:26:54,509 Stage-15 map = 75%,  reduce = 0%, Cumulative CPU 239.58 sec
2015-09-25 10:26:57,722 Stage-15 map = 78%,  reduce = 0%, Cumulative CPU 251.55 sec
2015-09-25 10:27:00,944 Stage-15 map = 84%,  reduce = 0%, Cumulative CPU 264.25 sec
2015-09-25 10:27:04,126 Stage-15 map = 85%,  reduce = 0%, Cumulative CPU 276.31 sec
2015-09-25 10:27:06,306 Stage-15 map = 87%,  reduce = 0%, Cumulative CPU 279.43 sec
2015-09-25 10:27:07,391 Stage-15 map = 91%,  reduce = 0%, Cumulative CPU 288.75 sec
2015-09-25 10:27:09,536 Stage-15 map = 95%,  reduce = 0%, Cumulative CPU 300.92 sec
2015-09-25 10:27:10,613 Stage-15 map = 96%,  reduce = 0%, Cumulative CPU 301.3 sec
2015-09-25 10:27:11,697 Stage-15 map = 98%,  reduce = 0%, Cumulative CPU 302.55 sec
2015-09-25 10:27:12,774 Stage-15 map = 100%,  reduce = 0%, Cumulative CPU 305.03 sec
MapReduce Total cumulative CPU time: 5 minutes 5 seconds 30 msec
Ended Job = job_1443170900597_0032
Stage-18 is selected by condition resolver.
Stage-19 is filtered out by condition resolver.
Stage-2 is filtered out by condition resolver.
Execution log at: /tmp/ubuntu/ubuntu_20150925102531_5443cbc9-5ca3-4408-9d6f-7cd24e716bda.log
2015-09-25 10:27:19	Starting to launch local task to process map join;	maximum memory = 932184064
2015-09-25 10:27:21	Dump the side-table for tag: 1 with group count: 3863 into file: file:/tmp/ubuntu/b32417f8-c613-438f-b604-27fa267aae4f/hive_2015-09-25_10-25-31_458_6283615556683695791-1/-local-10012/HashTable-Stage-12/MapJoin-mapfile21--.hashtable
2015-09-25 10:27:21	Uploaded 1 File to: file:/tmp/ubuntu/b32417f8-c613-438f-b604-27fa267aae4f/hive_2015-09-25_10-25-31_458_6283615556683695791-1/-local-10012/HashTable-Stage-12/MapJoin-mapfile21--.hashtable (163270 bytes)
2015-09-25 10:27:21	End of local task; Time Taken: 2.619 sec.
Execution completed successfully
MapredLocal task succeeded
Launching Job 3 out of 9
Number of reduce tasks is set to 0 since there's no reduce operator
Starting Job = job_1443170900597_0033, Tracking URL = http://group-2-vm1:8088/proxy/application_1443170900597_0033/
Kill Command = /home/ubuntu/software/hadoop-2.6.0/bin/hadoop job  -kill job_1443170900597_0033
Hadoop job information for Stage-12: number of mappers: 10; number of reducers: 0
2015-09-25 10:27:31,018 Stage-12 map = 0%,  reduce = 0%
2015-09-25 10:27:43,712 Stage-12 map = 10%,  reduce = 0%, Cumulative CPU 15.81 sec
2015-09-25 10:27:44,767 Stage-12 map = 12%,  reduce = 0%, Cumulative CPU 70.59 sec
2015-09-25 10:27:50,049 Stage-12 map = 17%,  reduce = 0%, Cumulative CPU 102.11 sec
2015-09-25 10:27:51,108 Stage-12 map = 42%,  reduce = 0%, Cumulative CPU 127.06 sec
2015-09-25 10:27:54,259 Stage-12 map = 51%,  reduce = 0%, Cumulative CPU 154.62 sec
2015-09-25 10:27:57,435 Stage-12 map = 61%,  reduce = 0%, Cumulative CPU 183.21 sec
2015-09-25 10:27:58,519 Stage-12 map = 71%,  reduce = 0%, Cumulative CPU 186.08 sec
2015-09-25 10:27:59,594 Stage-12 map = 91%,  reduce = 0%, Cumulative CPU 202.86 sec
2015-09-25 10:28:01,749 Stage-12 map = 100%,  reduce = 0%, Cumulative CPU 205.87 sec
MapReduce Total cumulative CPU time: 3 minutes 25 seconds 870 msec
Ended Job = job_1443170900597_0033
Stage-16 is selected by condition resolver.
Stage-17 is filtered out by condition resolver.
Stage-3 is filtered out by condition resolver.
Execution log at: /tmp/ubuntu/ubuntu_20150925102531_5443cbc9-5ca3-4408-9d6f-7cd24e716bda.log
2015-09-25 10:28:07	Starting to launch local task to process map join;	maximum memory = 932184064
2015-09-25 10:28:09	Dump the side-table for tag: 1 with group count: 60 into file: file:/tmp/ubuntu/b32417f8-c613-438f-b604-27fa267aae4f/hive_2015-09-25_10-25-31_458_6283615556683695791-1/-local-10008/HashTable-Stage-9/MapJoin-mapfile01--.hashtable
2015-09-25 10:28:09	Uploaded 1 File to: file:/tmp/ubuntu/b32417f8-c613-438f-b604-27fa267aae4f/hive_2015-09-25_10-25-31_458_6283615556683695791-1/-local-10008/HashTable-Stage-9/MapJoin-mapfile01--.hashtable (2248 bytes)
2015-09-25 10:28:09	End of local task; Time Taken: 2.154 sec.
Execution completed successfully
MapredLocal task succeeded
Launching Job 5 out of 9
Number of reduce tasks is set to 0 since there's no reduce operator
Starting Job = job_1443170900597_0034, Tracking URL = http://group-2-vm1:8088/proxy/application_1443170900597_0034/
Kill Command = /home/ubuntu/software/hadoop-2.6.0/bin/hadoop job  -kill job_1443170900597_0034
Hadoop job information for Stage-9: number of mappers: 3; number of reducers: 0
2015-09-25 10:28:18,163 Stage-9 map = 0%,  reduce = 0%
2015-09-25 10:28:28,834 Stage-9 map = 33%,  reduce = 0%, Cumulative CPU 6.46 sec
2015-09-25 10:28:29,908 Stage-9 map = 50%,  reduce = 0%, Cumulative CPU 14.4 sec
2015-09-25 10:28:30,983 Stage-9 map = 67%,  reduce = 0%, Cumulative CPU 21.89 sec
2015-09-25 10:28:32,063 Stage-9 map = 83%,  reduce = 0%, Cumulative CPU 24.06 sec
2015-09-25 10:28:33,135 Stage-9 map = 100%,  reduce = 0%, Cumulative CPU 28.69 sec
MapReduce Total cumulative CPU time: 28 seconds 690 msec
Ended Job = job_1443170900597_0034
Launching Job 6 out of 9
Number of reduce tasks not specified. Defaulting to jobconf value of: 5
In order to change the average load for a reducer (in bytes):
  set hive.exec.reducers.bytes.per.reducer=<number>
In order to limit the maximum number of reducers:
  set hive.exec.reducers.max=<number>
In order to set a constant number of reducers:
  set mapreduce.job.reduces=<number>
Starting Job = job_1443170900597_0035, Tracking URL = http://group-2-vm1:8088/proxy/application_1443170900597_0035/
Kill Command = /home/ubuntu/software/hadoop-2.6.0/bin/hadoop job  -kill job_1443170900597_0035
Hadoop job information for Stage-4: number of mappers: 1; number of reducers: 5
2015-09-25 10:28:43,495 Stage-4 map = 0%,  reduce = 0%
2015-09-25 10:28:56,203 Stage-4 map = 100%,  reduce = 0%, Cumulative CPU 4.61 sec
2015-09-25 10:29:03,540 Stage-4 map = 100%,  reduce = 40%, Cumulative CPU 10.85 sec
2015-09-25 10:29:04,601 Stage-4 map = 100%,  reduce = 100%, Cumulative CPU 20.16 sec
MapReduce Total cumulative CPU time: 20 seconds 160 msec
Ended Job = job_1443170900597_0035
Launching Job 7 out of 9
Number of reduce tasks determined at compile time: 1
In order to change the average load for a reducer (in bytes):
  set hive.exec.reducers.bytes.per.reducer=<number>
In order to limit the maximum number of reducers:
  set hive.exec.reducers.max=<number>
In order to set a constant number of reducers:
  set mapreduce.job.reduces=<number>
Starting Job = job_1443170900597_0036, Tracking URL = http://group-2-vm1:8088/proxy/application_1443170900597_0036/
Kill Command = /home/ubuntu/software/hadoop-2.6.0/bin/hadoop job  -kill job_1443170900597_0036
Hadoop job information for Stage-5: number of mappers: 4; number of reducers: 1
2015-09-25 10:29:13,108 Stage-5 map = 0%,  reduce = 0%
2015-09-25 10:29:21,664 Stage-5 map = 25%,  reduce = 0%, Cumulative CPU 2.72 sec
2015-09-25 10:29:22,740 Stage-5 map = 100%,  reduce = 0%, Cumulative CPU 11.24 sec
2015-09-25 10:29:30,243 Stage-5 map = 100%,  reduce = 100%, Cumulative CPU 11.24 sec
MapReduce Total cumulative CPU time: 11 seconds 240 msec
Ended Job = job_1443170900597_0036
MapReduce Jobs Launched: 
Stage-Stage-15: Map: 5   Cumulative CPU: 305.03 sec   HDFS Read: 1164950431 HDFS Write: 2535951899 SUCCESS
Stage-Stage-12: Map: 10   Cumulative CPU: 205.87 sec   HDFS Read: 2536073938 HDFS Write: 246864664 SUCCESS
Stage-Stage-9: Map: 3   Cumulative CPU: 28.69 sec   HDFS Read: 246905523 HDFS Write: 1247140 SUCCESS
Stage-Stage-4: Map: 1  Reduce: 5   Cumulative CPU: 20.16 sec   HDFS Read: 1274289 HDFS Write: 432708 SUCCESS
Stage-Stage-5: Map: 4  Reduce: 1   Cumulative CPU: 13.85 sec   HDFS Read: 447018 HDFS Write: 2799 SUCCESS
Total MapReduce CPU Time Spent: 9 minutes 33 seconds 600 msec
OK
Time taken: 241.063 seconds, Fetched: 100 row(s)

real	4m17.391s
user	1m8.455s
sys	0m8.235s
