
Logging initialized using configuration in jar:file:/home/ubuntu/software/hive-1.2.1/lib/hive-common-1.2.1.jar!/hive-log4j.properties
Hive history file=/tmp/ubuntu/hive_job_log_1840b9f4-575a-4b65-860f-85fb2b409b12_1169276904.txt
OK
Time taken: 1.182 seconds
Query ID = ubuntu_20150925094030_d2f44370-6f9b-4883-848d-c082a9422dfb
Total jobs = 9
Execution log at: /tmp/ubuntu/ubuntu_20150925094030_d2f44370-6f9b-4883-848d-c082a9422dfb.log
2015-09-25 09:40:40	Starting to launch local task to process map join;	maximum memory = 932184064
2015-09-25 09:40:42	Dump the side-table for tag: 1 with group count: 7 into file: file:/tmp/ubuntu/1840b9f4-575a-4b65-860f-85fb2b409b12/hive_2015-09-25_09-40-30_816_8810148352292401763-1/-local-10016/HashTable-Stage-15/MapJoin-mapfile41--.hashtable
2015-09-25 09:40:42	Uploaded 1 File to: file:/tmp/ubuntu/1840b9f4-575a-4b65-860f-85fb2b409b12/hive_2015-09-25_09-40-30_816_8810148352292401763-1/-local-10016/HashTable-Stage-15/MapJoin-mapfile41--.hashtable (504 bytes)
2015-09-25 09:40:42	End of local task; Time Taken: 1.91 sec.
Execution completed successfully
MapredLocal task succeeded
Launching Job 1 out of 9
Number of reduce tasks is set to 0 since there's no reduce operator
Starting Job = job_1443170900597_0002, Tracking URL = http://group-2-vm1:8088/proxy/application_1443170900597_0002/
Kill Command = /home/ubuntu/software/hadoop-2.6.0/bin/hadoop job  -kill job_1443170900597_0002
Hadoop job information for Stage-15: number of mappers: 5; number of reducers: 0
2015-09-25 09:40:54,890 Stage-15 map = 0%,  reduce = 0%
2015-09-25 09:41:14,104 Stage-15 map = 2%,  reduce = 0%, Cumulative CPU 37.57 sec
2015-09-25 09:41:18,378 Stage-15 map = 11%,  reduce = 0%, Cumulative CPU 66.32 sec
2015-09-25 09:41:20,515 Stage-15 map = 12%,  reduce = 0%, Cumulative CPU 72.79 sec
2015-09-25 09:41:23,741 Stage-15 map = 21%,  reduce = 0%, Cumulative CPU 98.51 sec
2015-09-25 09:41:25,895 Stage-15 map = 23%,  reduce = 0%, Cumulative CPU 101.66 sec
2015-09-25 09:41:26,977 Stage-15 map = 28%,  reduce = 0%, Cumulative CPU 114.26 sec
2015-09-25 09:41:30,184 Stage-15 map = 32%,  reduce = 0%, Cumulative CPU 130.4 sec
2015-09-25 09:41:32,328 Stage-15 map = 34%,  reduce = 0%, Cumulative CPU 133.56 sec
2015-09-25 09:41:33,412 Stage-15 map = 41%,  reduce = 0%, Cumulative CPU 145.69 sec
2015-09-25 09:41:36,615 Stage-15 map = 42%,  reduce = 0%, Cumulative CPU 161.59 sec
2015-09-25 09:41:38,768 Stage-15 map = 48%,  reduce = 0%, Cumulative CPU 167.82 sec
2015-09-25 09:41:39,849 Stage-15 map = 51%,  reduce = 0%, Cumulative CPU 176.51 sec
2015-09-25 09:41:41,993 Stage-15 map = 53%,  reduce = 0%, Cumulative CPU 191.89 sec
2015-09-25 09:41:43,052 Stage-15 map = 56%,  reduce = 0%, Cumulative CPU 193.08 sec
2015-09-25 09:41:44,107 Stage-15 map = 58%,  reduce = 0%, Cumulative CPU 196.28 sec
2015-09-25 09:41:45,174 Stage-15 map = 62%,  reduce = 0%, Cumulative CPU 205.46 sec
2015-09-25 09:41:47,324 Stage-15 map = 64%,  reduce = 0%, Cumulative CPU 208.63 sec
2015-09-25 09:41:48,394 Stage-15 map = 65%,  reduce = 0%, Cumulative CPU 217.98 sec
2015-09-25 09:41:51,584 Stage-15 map = 69%,  reduce = 0%, Cumulative CPU 230.73 sec
2015-09-25 09:41:53,728 Stage-15 map = 71%,  reduce = 0%, Cumulative CPU 233.95 sec
2015-09-25 09:41:54,804 Stage-15 map = 75%,  reduce = 0%, Cumulative CPU 243.38 sec
2015-09-25 09:41:58,083 Stage-15 map = 76%,  reduce = 0%, Cumulative CPU 256.07 sec
2015-09-25 09:41:59,135 Stage-15 map = 78%,  reduce = 0%, Cumulative CPU 259.23 sec
2015-09-25 09:42:00,195 Stage-15 map = 82%,  reduce = 0%, Cumulative CPU 268.77 sec
2015-09-25 09:42:03,398 Stage-15 map = 84%,  reduce = 0%, Cumulative CPU 281.45 sec
2015-09-25 09:42:05,518 Stage-15 map = 85%,  reduce = 0%, Cumulative CPU 284.57 sec
2015-09-25 09:42:06,579 Stage-15 map = 89%,  reduce = 0%, Cumulative CPU 294.02 sec
2015-09-25 09:42:08,691 Stage-15 map = 91%,  reduce = 0%, Cumulative CPU 297.83 sec
2015-09-25 09:42:09,748 Stage-15 map = 95%,  reduce = 0%, Cumulative CPU 307.18 sec
2015-09-25 09:42:12,943 Stage-15 map = 98%,  reduce = 0%, Cumulative CPU 314.6 sec
2015-09-25 09:42:17,254 Stage-15 map = 100%,  reduce = 0%, Cumulative CPU 319.66 sec
MapReduce Total cumulative CPU time: 5 minutes 19 seconds 660 msec
Ended Job = job_1443170900597_0002
Stage-18 is selected by condition resolver.
Stage-19 is filtered out by condition resolver.
Stage-2 is filtered out by condition resolver.
Execution log at: /tmp/ubuntu/ubuntu_20150925094030_d2f44370-6f9b-4883-848d-c082a9422dfb.log
2015-09-25 09:42:24	Starting to launch local task to process map join;	maximum memory = 932184064
2015-09-25 09:42:27	Dump the side-table for tag: 1 with group count: 3863 into file: file:/tmp/ubuntu/1840b9f4-575a-4b65-860f-85fb2b409b12/hive_2015-09-25_09-40-30_816_8810148352292401763-1/-local-10012/HashTable-Stage-12/MapJoin-mapfile21--.hashtable
2015-09-25 09:42:27	Uploaded 1 File to: file:/tmp/ubuntu/1840b9f4-575a-4b65-860f-85fb2b409b12/hive_2015-09-25_09-40-30_816_8810148352292401763-1/-local-10012/HashTable-Stage-12/MapJoin-mapfile21--.hashtable (163270 bytes)
2015-09-25 09:42:27	End of local task; Time Taken: 2.637 sec.
Execution completed successfully
MapredLocal task succeeded
Launching Job 3 out of 9
Number of reduce tasks is set to 0 since there's no reduce operator
Starting Job = job_1443170900597_0003, Tracking URL = http://group-2-vm1:8088/proxy/application_1443170900597_0003/
Kill Command = /home/ubuntu/software/hadoop-2.6.0/bin/hadoop job  -kill job_1443170900597_0003
Hadoop job information for Stage-12: number of mappers: 10; number of reducers: 0
2015-09-25 09:42:38,742 Stage-12 map = 0%,  reduce = 0%
2015-09-25 09:42:51,558 Stage-12 map = 2%,  reduce = 0%, Cumulative CPU 27.29 sec
2015-09-25 09:42:53,731 Stage-12 map = 6%,  reduce = 0%, Cumulative CPU 70.39 sec
2015-09-25 09:42:54,824 Stage-12 map = 12%,  reduce = 0%, Cumulative CPU 95.72 sec
2015-09-25 09:42:58,045 Stage-12 map = 37%,  reduce = 0%, Cumulative CPU 123.61 sec
2015-09-25 09:43:00,186 Stage-12 map = 42%,  reduce = 0%, Cumulative CPU 126.65 sec
2015-09-25 09:43:01,253 Stage-12 map = 51%,  reduce = 0%, Cumulative CPU 151.4 sec
2015-09-25 09:43:03,392 Stage-12 map = 56%,  reduce = 0%, Cumulative CPU 160.46 sec
2015-09-25 09:43:05,525 Stage-12 map = 61%,  reduce = 0%, Cumulative CPU 181.19 sec
2015-09-25 09:43:06,604 Stage-12 map = 71%,  reduce = 0%, Cumulative CPU 186.59 sec
2015-09-25 09:43:07,662 Stage-12 map = 85%,  reduce = 0%, Cumulative CPU 205.58 sec
2015-09-25 09:43:08,713 Stage-12 map = 90%,  reduce = 0%, Cumulative CPU 206.45 sec
2015-09-25 09:43:09,789 Stage-12 map = 100%,  reduce = 0%, Cumulative CPU 210.88 sec
MapReduce Total cumulative CPU time: 3 minutes 30 seconds 880 msec
Ended Job = job_1443170900597_0003
Stage-16 is selected by condition resolver.
Stage-17 is filtered out by condition resolver.
Stage-3 is filtered out by condition resolver.
Execution log at: /tmp/ubuntu/ubuntu_20150925094030_d2f44370-6f9b-4883-848d-c082a9422dfb.log
2015-09-25 09:43:15	Starting to launch local task to process map join;	maximum memory = 932184064
2015-09-25 09:43:18	Dump the side-table for tag: 1 with group count: 60 into file: file:/tmp/ubuntu/1840b9f4-575a-4b65-860f-85fb2b409b12/hive_2015-09-25_09-40-30_816_8810148352292401763-1/-local-10008/HashTable-Stage-9/MapJoin-mapfile01--.hashtable
2015-09-25 09:43:18	Uploaded 1 File to: file:/tmp/ubuntu/1840b9f4-575a-4b65-860f-85fb2b409b12/hive_2015-09-25_09-40-30_816_8810148352292401763-1/-local-10008/HashTable-Stage-9/MapJoin-mapfile01--.hashtable (2248 bytes)
2015-09-25 09:43:18	End of local task; Time Taken: 2.2 sec.
Execution completed successfully
MapredLocal task succeeded
Launching Job 5 out of 9
Number of reduce tasks is set to 0 since there's no reduce operator
Starting Job = job_1443170900597_0004, Tracking URL = http://group-2-vm1:8088/proxy/application_1443170900597_0004/
Kill Command = /home/ubuntu/software/hadoop-2.6.0/bin/hadoop job  -kill job_1443170900597_0004
Hadoop job information for Stage-9: number of mappers: 3; number of reducers: 0
2015-09-25 09:43:27,375 Stage-9 map = 0%,  reduce = 0%
2015-09-25 09:43:38,982 Stage-9 map = 33%,  reduce = 0%, Cumulative CPU 7.64 sec
2015-09-25 09:43:40,047 Stage-9 map = 75%,  reduce = 0%, Cumulative CPU 22.09 sec
2015-09-25 09:43:42,168 Stage-9 map = 92%,  reduce = 0%, Cumulative CPU 24.39 sec
2015-09-25 09:43:43,226 Stage-9 map = 100%,  reduce = 0%, Cumulative CPU 29.86 sec
MapReduce Total cumulative CPU time: 29 seconds 860 msec
Ended Job = job_1443170900597_0004
Launching Job 6 out of 9
Number of reduce tasks not specified. Defaulting to jobconf value of: 1
In order to change the average load for a reducer (in bytes):
  set hive.exec.reducers.bytes.per.reducer=<number>
In order to limit the maximum number of reducers:
  set hive.exec.reducers.max=<number>
In order to set a constant number of reducers:
  set mapreduce.job.reduces=<number>
Starting Job = job_1443170900597_0005, Tracking URL = http://group-2-vm1:8088/proxy/application_1443170900597_0005/
Kill Command = /home/ubuntu/software/hadoop-2.6.0/bin/hadoop job  -kill job_1443170900597_0005
Hadoop job information for Stage-4: number of mappers: 1; number of reducers: 1
2015-09-25 09:43:51,582 Stage-4 map = 0%,  reduce = 0%
2015-09-25 09:43:59,096 Stage-4 map = 100%,  reduce = 0%, Cumulative CPU 4.5 sec
2015-09-25 09:44:08,604 Stage-4 map = 100%,  reduce = 100%, Cumulative CPU 9.49 sec
MapReduce Total cumulative CPU time: 9 seconds 490 msec
Ended Job = job_1443170900597_0005
Launching Job 7 out of 9
Number of reduce tasks determined at compile time: 1
In order to change the average load for a reducer (in bytes):
  set hive.exec.reducers.bytes.per.reducer=<number>
In order to limit the maximum number of reducers:
  set hive.exec.reducers.max=<number>
In order to set a constant number of reducers:
  set mapreduce.job.reduces=<number>
Starting Job = job_1443170900597_0006, Tracking URL = http://group-2-vm1:8088/proxy/application_1443170900597_0006/
Kill Command = /home/ubuntu/software/hadoop-2.6.0/bin/hadoop job  -kill job_1443170900597_0006
Hadoop job information for Stage-5: number of mappers: 1; number of reducers: 1
2015-09-25 09:44:16,144 Stage-5 map = 0%,  reduce = 0%
2015-09-25 09:44:24,584 Stage-5 map = 100%,  reduce = 0%, Cumulative CPU 3.53 sec
2015-09-25 09:44:32,001 Stage-5 map = 100%,  reduce = 100%, Cumulative CPU 5.88 sec
MapReduce Total cumulative CPU time: 5 seconds 880 msec
Ended Job = job_1443170900597_0006
MapReduce Jobs Launched: 
Stage-Stage-15: Map: 5   Cumulative CPU: 319.66 sec   HDFS Read: 1164950431 HDFS Write: 2535951899 SUCCESS
Stage-Stage-12: Map: 10   Cumulative CPU: 210.88 sec   HDFS Read: 2536073938 HDFS Write: 246864644 SUCCESS
Stage-Stage-9: Map: 3   Cumulative CPU: 29.86 sec   HDFS Read: 246905503 HDFS Write: 1247140 SUCCESS
Stage-Stage-4: Map: 1  Reduce: 1   Cumulative CPU: 9.49 sec   HDFS Read: 1255329 HDFS Write: 432344 SUCCESS
Stage-Stage-5: Map: 1  Reduce: 1   Cumulative CPU: 5.88 sec   HDFS Read: 438351 HDFS Write: 2799 SUCCESS
Total MapReduce CPU Time Spent: 9 minutes 35 seconds 770 msec
OK
Time taken: 243.418 seconds, Fetched: 100 row(s)

real	4m12.670s
user	1m7.273s
sys	0m8.037s
