
Logging initialized using configuration in jar:file:/home/ubuntu/software/hive-1.2.1/lib/hive-common-1.2.1.jar!/hive-log4j.properties
Hive history file=/tmp/ubuntu/hive_job_log_1e28031d-7901-4ce6-86ae-2f58fd1a0531_1304660860.txt
OK
Time taken: 1.233 seconds
Query ID = ubuntu_20150925094555_e4d6b21b-9e00-4598-8778-e12f0ec01d74
Total jobs = 9
Execution log at: /tmp/ubuntu/ubuntu_20150925094555_e4d6b21b-9e00-4598-8778-e12f0ec01d74.log
2015-09-25 09:46:03	Starting to launch local task to process map join;	maximum memory = 932184064
2015-09-25 09:46:05	Dump the side-table for tag: 1 with group count: 7 into file: file:/tmp/ubuntu/1e28031d-7901-4ce6-86ae-2f58fd1a0531/hive_2015-09-25_09-45-55_286_3548014475690089847-1/-local-10016/HashTable-Stage-15/MapJoin-mapfile41--.hashtable
2015-09-25 09:46:05	Uploaded 1 File to: file:/tmp/ubuntu/1e28031d-7901-4ce6-86ae-2f58fd1a0531/hive_2015-09-25_09-45-55_286_3548014475690089847-1/-local-10016/HashTable-Stage-15/MapJoin-mapfile41--.hashtable (504 bytes)
2015-09-25 09:46:05	End of local task; Time Taken: 1.742 sec.
Execution completed successfully
MapredLocal task succeeded
Launching Job 1 out of 9
Number of reduce tasks is set to 0 since there's no reduce operator
Starting Job = job_1443170900597_0007, Tracking URL = http://group-2-vm1:8088/proxy/application_1443170900597_0007/
Kill Command = /home/ubuntu/software/hadoop-2.6.0/bin/hadoop job  -kill job_1443170900597_0007
Hadoop job information for Stage-15: number of mappers: 5; number of reducers: 0
2015-09-25 09:46:16,973 Stage-15 map = 0%,  reduce = 0%
2015-09-25 09:46:31,031 Stage-15 map = 2%,  reduce = 0%, Cumulative CPU 38.44 sec
2015-09-25 09:46:36,392 Stage-15 map = 11%,  reduce = 0%, Cumulative CPU 66.97 sec
2015-09-25 09:46:37,461 Stage-15 map = 12%,  reduce = 0%, Cumulative CPU 70.24 sec
2015-09-25 09:46:41,945 Stage-15 map = 16%,  reduce = 0%, Cumulative CPU 92.05 sec
2015-09-25 09:46:43,113 Stage-15 map = 23%,  reduce = 0%, Cumulative CPU 101.27 sec
2015-09-25 09:46:46,647 Stage-15 map = 25%,  reduce = 0%, Cumulative CPU 114.79 sec
2015-09-25 09:46:47,767 Stage-15 map = 27%,  reduce = 0%, Cumulative CPU 117.26 sec
2015-09-25 09:46:48,859 Stage-15 map = 34%,  reduce = 0%, Cumulative CPU 125.72 sec
2015-09-25 09:46:52,082 Stage-15 map = 35%,  reduce = 0%, Cumulative CPU 144.96 sec
2015-09-25 09:46:54,228 Stage-15 map = 42%,  reduce = 0%, Cumulative CPU 154.45 sec
2015-09-25 09:46:55,312 Stage-15 map = 44%,  reduce = 0%, Cumulative CPU 160.76 sec
2015-09-25 09:46:58,526 Stage-15 map = 46%,  reduce = 0%, Cumulative CPU 176.37 sec
2015-09-25 09:47:00,648 Stage-15 map = 55%,  reduce = 0%, Cumulative CPU 188.75 sec
2015-09-25 09:47:04,885 Stage-15 map = 57%,  reduce = 0%, Cumulative CPU 207.38 sec
2015-09-25 09:47:05,966 Stage-15 map = 62%,  reduce = 0%, Cumulative CPU 209.31 sec
2015-09-25 09:47:07,028 Stage-15 map = 64%,  reduce = 0%, Cumulative CPU 218.55 sec
2015-09-25 09:47:08,086 Stage-15 map = 65%,  reduce = 0%, Cumulative CPU 221.78 sec
2015-09-25 09:47:10,200 Stage-15 map = 67%,  reduce = 0%, Cumulative CPU 234.43 sec
2015-09-25 09:47:12,315 Stage-15 map = 71%,  reduce = 0%, Cumulative CPU 240.73 sec
2015-09-25 09:47:13,381 Stage-15 map = 73%,  reduce = 0%, Cumulative CPU 247.05 sec
2015-09-25 09:47:16,546 Stage-15 map = 75%,  reduce = 0%, Cumulative CPU 259.67 sec
2015-09-25 09:47:18,665 Stage-15 map = 78%,  reduce = 0%, Cumulative CPU 266.1 sec
2015-09-25 09:47:19,723 Stage-15 map = 80%,  reduce = 0%, Cumulative CPU 272.4 sec
2015-09-25 09:47:22,000 Stage-15 map = 82%,  reduce = 0%, Cumulative CPU 281.88 sec
2015-09-25 09:47:24,111 Stage-15 map = 84%,  reduce = 0%, Cumulative CPU 285.14 sec
2015-09-25 09:47:25,176 Stage-15 map = 87%,  reduce = 0%, Cumulative CPU 294.55 sec
2015-09-25 09:47:27,295 Stage-15 map = 89%,  reduce = 0%, Cumulative CPU 300.84 sec
2015-09-25 09:47:28,364 Stage-15 map = 91%,  reduce = 0%, Cumulative CPU 303.99 sec
2015-09-25 09:47:30,477 Stage-15 map = 93%,  reduce = 0%, Cumulative CPU 310.21 sec
2015-09-25 09:47:33,658 Stage-15 map = 95%,  reduce = 0%, Cumulative CPU 319.15 sec
2015-09-25 09:47:34,719 Stage-15 map = 96%,  reduce = 0%, Cumulative CPU 322.34 sec
2015-09-25 09:47:35,776 Stage-15 map = 98%,  reduce = 0%, Cumulative CPU 323.72 sec
2015-09-25 09:47:37,886 Stage-15 map = 100%,  reduce = 0%, Cumulative CPU 327.13 sec
MapReduce Total cumulative CPU time: 5 minutes 27 seconds 130 msec
Ended Job = job_1443170900597_0007
Stage-18 is selected by condition resolver.
Stage-19 is filtered out by condition resolver.
Stage-2 is filtered out by condition resolver.
Execution log at: /tmp/ubuntu/ubuntu_20150925094555_e4d6b21b-9e00-4598-8778-e12f0ec01d74.log
2015-09-25 09:47:45	Starting to launch local task to process map join;	maximum memory = 932184064
2015-09-25 09:47:47	Dump the side-table for tag: 1 with group count: 3863 into file: file:/tmp/ubuntu/1e28031d-7901-4ce6-86ae-2f58fd1a0531/hive_2015-09-25_09-45-55_286_3548014475690089847-1/-local-10012/HashTable-Stage-12/MapJoin-mapfile21--.hashtable
2015-09-25 09:47:47	Uploaded 1 File to: file:/tmp/ubuntu/1e28031d-7901-4ce6-86ae-2f58fd1a0531/hive_2015-09-25_09-45-55_286_3548014475690089847-1/-local-10012/HashTable-Stage-12/MapJoin-mapfile21--.hashtable (163270 bytes)
2015-09-25 09:47:47	End of local task; Time Taken: 2.62 sec.
Execution completed successfully
MapredLocal task succeeded
Launching Job 3 out of 9
Number of reduce tasks is set to 0 since there's no reduce operator
Starting Job = job_1443170900597_0008, Tracking URL = http://group-2-vm1:8088/proxy/application_1443170900597_0008/
Kill Command = /home/ubuntu/software/hadoop-2.6.0/bin/hadoop job  -kill job_1443170900597_0008
Hadoop job information for Stage-12: number of mappers: 10; number of reducers: 0
2015-09-25 09:48:00,711 Stage-12 map = 0%,  reduce = 0%
2015-09-25 09:48:13,256 Stage-12 map = 1%,  reduce = 0%, Cumulative CPU 23.46 sec
2015-09-25 09:48:14,317 Stage-12 map = 6%,  reduce = 0%, Cumulative CPU 71.7 sec
2015-09-25 09:48:15,389 Stage-12 map = 12%,  reduce = 0%, Cumulative CPU 75.95 sec
2015-09-25 09:48:19,597 Stage-12 map = 27%,  reduce = 0%, Cumulative CPU 116.87 sec
2015-09-25 09:48:20,651 Stage-12 map = 42%,  reduce = 0%, Cumulative CPU 129.36 sec
2015-09-25 09:48:21,706 Stage-12 map = 51%,  reduce = 0%, Cumulative CPU 135.64 sec
2015-09-25 09:48:23,817 Stage-12 map = 56%,  reduce = 0%, Cumulative CPU 157.41 sec
2015-09-25 09:48:26,960 Stage-12 map = 70%,  reduce = 0%, Cumulative CPU 190.29 sec
2015-09-25 09:48:28,012 Stage-12 map = 80%,  reduce = 0%, Cumulative CPU 194.47 sec
2015-09-25 09:48:29,057 Stage-12 map = 85%,  reduce = 0%, Cumulative CPU 196.2 sec
2015-09-25 09:48:30,107 Stage-12 map = 100%,  reduce = 0%, Cumulative CPU 206.39 sec
MapReduce Total cumulative CPU time: 3 minutes 26 seconds 390 msec
Ended Job = job_1443170900597_0008
Stage-16 is selected by condition resolver.
Stage-17 is filtered out by condition resolver.
Stage-3 is filtered out by condition resolver.
Execution log at: /tmp/ubuntu/ubuntu_20150925094555_e4d6b21b-9e00-4598-8778-e12f0ec01d74.log
2015-09-25 09:48:37	Starting to launch local task to process map join;	maximum memory = 932184064
2015-09-25 09:48:39	Dump the side-table for tag: 1 with group count: 60 into file: file:/tmp/ubuntu/1e28031d-7901-4ce6-86ae-2f58fd1a0531/hive_2015-09-25_09-45-55_286_3548014475690089847-1/-local-10008/HashTable-Stage-9/MapJoin-mapfile01--.hashtable
2015-09-25 09:48:39	Uploaded 1 File to: file:/tmp/ubuntu/1e28031d-7901-4ce6-86ae-2f58fd1a0531/hive_2015-09-25_09-45-55_286_3548014475690089847-1/-local-10008/HashTable-Stage-9/MapJoin-mapfile01--.hashtable (2248 bytes)
2015-09-25 09:48:39	End of local task; Time Taken: 2.296 sec.
Execution completed successfully
MapredLocal task succeeded
Launching Job 5 out of 9
Number of reduce tasks is set to 0 since there's no reduce operator
Starting Job = job_1443170900597_0009, Tracking URL = http://group-2-vm1:8088/proxy/application_1443170900597_0009/
Kill Command = /home/ubuntu/software/hadoop-2.6.0/bin/hadoop job  -kill job_1443170900597_0009
Hadoop job information for Stage-9: number of mappers: 3; number of reducers: 0
2015-09-25 09:48:47,688 Stage-9 map = 0%,  reduce = 0%
2015-09-25 09:48:58,539 Stage-9 map = 33%,  reduce = 0%, Cumulative CPU 6.05 sec
2015-09-25 09:48:59,624 Stage-9 map = 60%,  reduce = 0%, Cumulative CPU 22.22 sec
2015-09-25 09:49:01,763 Stage-9 map = 100%,  reduce = 0%, Cumulative CPU 27.67 sec
MapReduce Total cumulative CPU time: 27 seconds 670 msec
Ended Job = job_1443170900597_0009
Launching Job 6 out of 9
Number of reduce tasks not specified. Defaulting to jobconf value of: 5
In order to change the average load for a reducer (in bytes):
  set hive.exec.reducers.bytes.per.reducer=<number>
In order to limit the maximum number of reducers:
  set hive.exec.reducers.max=<number>
In order to set a constant number of reducers:
  set mapreduce.job.reduces=<number>
Starting Job = job_1443170900597_0010, Tracking URL = http://group-2-vm1:8088/proxy/application_1443170900597_0010/
Kill Command = /home/ubuntu/software/hadoop-2.6.0/bin/hadoop job  -kill job_1443170900597_0010
Hadoop job information for Stage-4: number of mappers: 1; number of reducers: 5
2015-09-25 09:49:11,501 Stage-4 map = 0%,  reduce = 0%
2015-09-25 09:49:19,022 Stage-4 map = 100%,  reduce = 0%, Cumulative CPU 4.25 sec
2015-09-25 09:49:27,459 Stage-4 map = 100%,  reduce = 80%, Cumulative CPU 16.48 sec
2015-09-25 09:49:28,540 Stage-4 map = 100%,  reduce = 100%, Cumulative CPU 19.55 sec
MapReduce Total cumulative CPU time: 19 seconds 550 msec
Ended Job = job_1443170900597_0010
Launching Job 7 out of 9
Number of reduce tasks determined at compile time: 1
In order to change the average load for a reducer (in bytes):
  set hive.exec.reducers.bytes.per.reducer=<number>
In order to limit the maximum number of reducers:
  set hive.exec.reducers.max=<number>
In order to set a constant number of reducers:
  set mapreduce.job.reduces=<number>
Starting Job = job_1443170900597_0011, Tracking URL = http://group-2-vm1:8088/proxy/application_1443170900597_0011/
Kill Command = /home/ubuntu/software/hadoop-2.6.0/bin/hadoop job  -kill job_1443170900597_0011
Hadoop job information for Stage-5: number of mappers: 4; number of reducers: 1
2015-09-25 09:49:37,184 Stage-5 map = 0%,  reduce = 0%
2015-09-25 09:49:47,839 Stage-5 map = 100%,  reduce = 0%, Cumulative CPU 14.01 sec
2015-09-25 09:49:55,292 Stage-5 map = 100%,  reduce = 100%, Cumulative CPU 16.33 sec
MapReduce Total cumulative CPU time: 16 seconds 330 msec
Ended Job = job_1443170900597_0011
MapReduce Jobs Launched: 
Stage-Stage-15: Map: 5   Cumulative CPU: 327.13 sec   HDFS Read: 1164950431 HDFS Write: 2535951899 SUCCESS
Stage-Stage-12: Map: 10   Cumulative CPU: 206.39 sec   HDFS Read: 2536073938 HDFS Write: 246864664 SUCCESS
Stage-Stage-9: Map: 3   Cumulative CPU: 27.67 sec   HDFS Read: 246905523 HDFS Write: 1057872 SUCCESS
Stage-Stage-4: Map: 1  Reduce: 5   Cumulative CPU: 19.55 sec   HDFS Read: 1085021 HDFS Write: 432708 SUCCESS
Stage-Stage-5: Map: 4  Reduce: 1   Cumulative CPU: 16.33 sec   HDFS Read: 447018 HDFS Write: 2799 SUCCESS
Total MapReduce CPU Time Spent: 9 minutes 57 seconds 70 msec
OK
Time taken: 241.213 seconds, Fetched: 100 row(s)

real	4m10.560s
user	1m6.546s
sys	0m7.638s
