
Logging initialized using configuration in jar:file:/home/ubuntu/software/hive-1.2.1/lib/hive-common-1.2.1.jar!/hive-log4j.properties
Hive history file=/tmp/ubuntu/hive_job_log_2da4ff53-af82-42bf-9d12-5cf82a840af6_1078803343.txt
OK
Time taken: 1.568 seconds
Query ID = ubuntu_20150925104846_46098095-8615-477d-9bff-6f967f0fb2e5
Total jobs = 9
Execution log at: /tmp/ubuntu/ubuntu_20150925104846_46098095-8615-477d-9bff-6f967f0fb2e5.log
2015-09-25 10:48:56	Starting to launch local task to process map join;	maximum memory = 932184064
2015-09-25 10:48:58	Dump the side-table for tag: 1 with group count: 7 into file: file:/tmp/ubuntu/2da4ff53-af82-42bf-9d12-5cf82a840af6/hive_2015-09-25_10-48-46_682_1414817176177709714-1/-local-10016/HashTable-Stage-15/MapJoin-mapfile41--.hashtable
2015-09-25 10:48:58	Uploaded 1 File to: file:/tmp/ubuntu/2da4ff53-af82-42bf-9d12-5cf82a840af6/hive_2015-09-25_10-48-46_682_1414817176177709714-1/-local-10016/HashTable-Stage-15/MapJoin-mapfile41--.hashtable (504 bytes)
2015-09-25 10:48:58	End of local task; Time Taken: 1.858 sec.
Execution completed successfully
MapredLocal task succeeded
Launching Job 1 out of 9
Number of reduce tasks is set to 0 since there's no reduce operator
Starting Job = job_1443170900597_0047, Tracking URL = http://group-2-vm1:8088/proxy/application_1443170900597_0047/
Kill Command = /home/ubuntu/software/hadoop-2.6.0/bin/hadoop job  -kill job_1443170900597_0047
Hadoop job information for Stage-15: number of mappers: 5; number of reducers: 0
2015-09-25 10:49:10,658 Stage-15 map = 0%,  reduce = 0%
2015-09-25 10:49:25,356 Stage-15 map = 2%,  reduce = 0%, Cumulative CPU 11.32 sec
2015-09-25 10:49:30,589 Stage-15 map = 4%,  reduce = 0%, Cumulative CPU 56.92 sec
2015-09-25 10:49:32,735 Stage-15 map = 12%,  reduce = 0%, Cumulative CPU 69.5 sec
2015-09-25 10:49:35,881 Stage-15 map = 14%,  reduce = 0%, Cumulative CPU 85.66 sec
2015-09-25 10:49:36,935 Stage-15 map = 16%,  reduce = 0%, Cumulative CPU 88.9 sec
2015-09-25 10:49:39,043 Stage-15 map = 23%,  reduce = 0%, Cumulative CPU 101.56 sec
2015-09-25 10:49:42,189 Stage-15 map = 30%,  reduce = 0%, Cumulative CPU 117.44 sec
2015-09-25 10:49:43,240 Stage-15 map = 32%,  reduce = 0%, Cumulative CPU 120.55 sec
2015-09-25 10:49:45,342 Stage-15 map = 34%,  reduce = 0%, Cumulative CPU 133.27 sec
2015-09-25 10:49:48,503 Stage-15 map = 41%,  reduce = 0%, Cumulative CPU 148.9 sec
2015-09-25 10:49:49,555 Stage-15 map = 42%,  reduce = 0%, Cumulative CPU 152.05 sec
2015-09-25 10:49:51,653 Stage-15 map = 44%,  reduce = 0%, Cumulative CPU 167.82 sec
2015-09-25 10:49:54,796 Stage-15 map = 53%,  reduce = 0%, Cumulative CPU 183.28 sec
2015-09-25 10:49:57,933 Stage-15 map = 57%,  reduce = 0%, Cumulative CPU 198.9 sec
2015-09-25 10:49:58,985 Stage-15 map = 60%,  reduce = 0%, Cumulative CPU 200.07 sec
2015-09-25 10:50:01,087 Stage-15 map = 64%,  reduce = 0%, Cumulative CPU 212.65 sec
2015-09-25 10:50:03,188 Stage-15 map = 67%,  reduce = 0%, Cumulative CPU 217.9 sec
2015-09-25 10:50:06,328 Stage-15 map = 69%,  reduce = 0%, Cumulative CPU 233.7 sec
2015-09-25 10:50:07,385 Stage-15 map = 71%,  reduce = 0%, Cumulative CPU 236.86 sec
2015-09-25 10:50:09,480 Stage-15 map = 76%,  reduce = 0%, Cumulative CPU 246.31 sec
2015-09-25 10:50:13,693 Stage-15 map = 78%,  reduce = 0%, Cumulative CPU 262.16 sec
2015-09-25 10:50:15,790 Stage-15 map = 84%,  reduce = 0%, Cumulative CPU 271.6 sec
2015-09-25 10:50:18,923 Stage-15 map = 87%,  reduce = 0%, Cumulative CPU 286.75 sec
2015-09-25 10:50:22,065 Stage-15 map = 91%,  reduce = 0%, Cumulative CPU 299.22 sec
2015-09-25 10:50:24,178 Stage-15 map = 95%,  reduce = 0%, Cumulative CPU 302.82 sec
2015-09-25 10:50:26,317 Stage-15 map = 96%,  reduce = 0%, Cumulative CPU 309.84 sec
2015-09-25 10:50:27,392 Stage-15 map = 98%,  reduce = 0%, Cumulative CPU 312.94 sec
2015-09-25 10:50:31,637 Stage-15 map = 100%,  reduce = 0%, Cumulative CPU 316.97 sec
MapReduce Total cumulative CPU time: 5 minutes 16 seconds 970 msec
Ended Job = job_1443170900597_0047
Stage-18 is selected by condition resolver.
Stage-19 is filtered out by condition resolver.
Stage-2 is filtered out by condition resolver.
Execution log at: /tmp/ubuntu/ubuntu_20150925104846_46098095-8615-477d-9bff-6f967f0fb2e5.log
2015-09-25 10:50:37	Starting to launch local task to process map join;	maximum memory = 932184064
2015-09-25 10:50:40	Dump the side-table for tag: 1 with group count: 3863 into file: file:/tmp/ubuntu/2da4ff53-af82-42bf-9d12-5cf82a840af6/hive_2015-09-25_10-48-46_682_1414817176177709714-1/-local-10012/HashTable-Stage-12/MapJoin-mapfile21--.hashtable
2015-09-25 10:50:40	Uploaded 1 File to: file:/tmp/ubuntu/2da4ff53-af82-42bf-9d12-5cf82a840af6/hive_2015-09-25_10-48-46_682_1414817176177709714-1/-local-10012/HashTable-Stage-12/MapJoin-mapfile21--.hashtable (163270 bytes)
2015-09-25 10:50:40	End of local task; Time Taken: 2.765 sec.
Execution completed successfully
MapredLocal task succeeded
Launching Job 3 out of 9
Number of reduce tasks is set to 0 since there's no reduce operator
Starting Job = job_1443170900597_0048, Tracking URL = http://group-2-vm1:8088/proxy/application_1443170900597_0048/
Kill Command = /home/ubuntu/software/hadoop-2.6.0/bin/hadoop job  -kill job_1443170900597_0048
Hadoop job information for Stage-12: number of mappers: 10; number of reducers: 0
2015-09-25 10:50:53,967 Stage-12 map = 0%,  reduce = 0%
2015-09-25 10:51:05,635 Stage-12 map = 1%,  reduce = 0%, Cumulative CPU 16.47 sec
2015-09-25 10:51:06,705 Stage-12 map = 2%,  reduce = 0%, Cumulative CPU 43.89 sec
2015-09-25 10:51:09,876 Stage-12 map = 6%,  reduce = 0%, Cumulative CPU 89.95 sec
2015-09-25 10:51:12,011 Stage-12 map = 17%,  reduce = 0%, Cumulative CPU 97.68 sec
2015-09-25 10:51:13,086 Stage-12 map = 32%,  reduce = 0%, Cumulative CPU 119.7 sec
2015-09-25 10:51:14,151 Stage-12 map = 36%,  reduce = 0%, Cumulative CPU 119.7 sec
2015-09-25 10:51:15,220 Stage-12 map = 41%,  reduce = 0%, Cumulative CPU 128.94 sec
2015-09-25 10:51:16,277 Stage-12 map = 56%,  reduce = 0%, Cumulative CPU 147.66 sec
2015-09-25 10:51:19,446 Stage-12 map = 61%,  reduce = 0%, Cumulative CPU 177.47 sec
2015-09-25 10:51:20,507 Stage-12 map = 70%,  reduce = 0%, Cumulative CPU 180.86 sec
2015-09-25 10:51:21,566 Stage-12 map = 80%,  reduce = 0%, Cumulative CPU 189.43 sec
2015-09-25 10:51:22,641 Stage-12 map = 90%,  reduce = 0%, Cumulative CPU 199.93 sec
2015-09-25 10:51:23,709 Stage-12 map = 100%,  reduce = 0%, Cumulative CPU 203.03 sec
MapReduce Total cumulative CPU time: 3 minutes 23 seconds 30 msec
Ended Job = job_1443170900597_0048
Stage-16 is selected by condition resolver.
Stage-17 is filtered out by condition resolver.
Stage-3 is filtered out by condition resolver.
Execution log at: /tmp/ubuntu/ubuntu_20150925104846_46098095-8615-477d-9bff-6f967f0fb2e5.log
2015-09-25 10:51:30	Starting to launch local task to process map join;	maximum memory = 932184064
2015-09-25 10:51:33	Dump the side-table for tag: 1 with group count: 60 into file: file:/tmp/ubuntu/2da4ff53-af82-42bf-9d12-5cf82a840af6/hive_2015-09-25_10-48-46_682_1414817176177709714-1/-local-10008/HashTable-Stage-9/MapJoin-mapfile01--.hashtable
2015-09-25 10:51:33	Uploaded 1 File to: file:/tmp/ubuntu/2da4ff53-af82-42bf-9d12-5cf82a840af6/hive_2015-09-25_10-48-46_682_1414817176177709714-1/-local-10008/HashTable-Stage-9/MapJoin-mapfile01--.hashtable (2248 bytes)
2015-09-25 10:51:33	End of local task; Time Taken: 2.496 sec.
Execution completed successfully
MapredLocal task succeeded
Launching Job 5 out of 9
Number of reduce tasks is set to 0 since there's no reduce operator
Starting Job = job_1443170900597_0049, Tracking URL = http://group-2-vm1:8088/proxy/application_1443170900597_0049/
Kill Command = /home/ubuntu/software/hadoop-2.6.0/bin/hadoop job  -kill job_1443170900597_0049
Hadoop job information for Stage-9: number of mappers: 3; number of reducers: 0
2015-09-25 10:51:42,609 Stage-9 map = 0%,  reduce = 0%
2015-09-25 10:51:54,306 Stage-9 map = 50%,  reduce = 0%, Cumulative CPU 14.83 sec
2015-09-25 10:51:55,375 Stage-9 map = 61%,  reduce = 0%, Cumulative CPU 23.11 sec
2015-09-25 10:51:56,440 Stage-9 map = 77%,  reduce = 0%, Cumulative CPU 25.35 sec
2015-09-25 10:51:57,508 Stage-9 map = 100%,  reduce = 0%, Cumulative CPU 28.35 sec
MapReduce Total cumulative CPU time: 28 seconds 350 msec
Ended Job = job_1443170900597_0049
Launching Job 6 out of 9
Number of reduce tasks not specified. Defaulting to jobconf value of: 5
In order to change the average load for a reducer (in bytes):
  set hive.exec.reducers.bytes.per.reducer=<number>
In order to limit the maximum number of reducers:
  set hive.exec.reducers.max=<number>
In order to set a constant number of reducers:
  set mapreduce.job.reduces=<number>
Starting Job = job_1443170900597_0050, Tracking URL = http://group-2-vm1:8088/proxy/application_1443170900597_0050/
Kill Command = /home/ubuntu/software/hadoop-2.6.0/bin/hadoop job  -kill job_1443170900597_0050
Hadoop job information for Stage-4: number of mappers: 1; number of reducers: 5
2015-09-25 10:52:05,864 Stage-4 map = 0%,  reduce = 0%
2015-09-25 10:52:13,281 Stage-4 map = 100%,  reduce = 0%, Cumulative CPU 4.27 sec
2015-09-25 10:52:20,636 Stage-4 map = 100%,  reduce = 60%, Cumulative CPU 13.45 sec
2015-09-25 10:52:21,711 Stage-4 map = 100%,  reduce = 100%, Cumulative CPU 19.63 sec
MapReduce Total cumulative CPU time: 19 seconds 630 msec
Ended Job = job_1443170900597_0050
Launching Job 7 out of 9
Number of reduce tasks determined at compile time: 1
In order to change the average load for a reducer (in bytes):
  set hive.exec.reducers.bytes.per.reducer=<number>
In order to limit the maximum number of reducers:
  set hive.exec.reducers.max=<number>
In order to set a constant number of reducers:
  set mapreduce.job.reduces=<number>
Starting Job = job_1443170900597_0051, Tracking URL = http://group-2-vm1:8088/proxy/application_1443170900597_0051/
Kill Command = /home/ubuntu/software/hadoop-2.6.0/bin/hadoop job  -kill job_1443170900597_0051
Hadoop job information for Stage-5: number of mappers: 4; number of reducers: 1
2015-09-25 10:52:30,039 Stage-5 map = 0%,  reduce = 0%
2015-09-25 10:52:38,605 Stage-5 map = 75%,  reduce = 0%, Cumulative CPU 8.05 sec
2015-09-25 10:52:39,674 Stage-5 map = 100%,  reduce = 0%, Cumulative CPU 11.13 sec
2015-09-25 10:52:47,160 Stage-5 map = 100%,  reduce = 100%, Cumulative CPU 13.46 sec
MapReduce Total cumulative CPU time: 13 seconds 460 msec
Ended Job = job_1443170900597_0051
MapReduce Jobs Launched: 
Stage-Stage-15: Map: 5   Cumulative CPU: 316.97 sec   HDFS Read: 1164950431 HDFS Write: 2535951899 SUCCESS
Stage-Stage-12: Map: 10   Cumulative CPU: 203.03 sec   HDFS Read: 2536073938 HDFS Write: 246864644 SUCCESS
Stage-Stage-9: Map: 3   Cumulative CPU: 28.35 sec   HDFS Read: 246905503 HDFS Write: 1247140 SUCCESS
Stage-Stage-4: Map: 1  Reduce: 5   Cumulative CPU: 19.63 sec   HDFS Read: 1274289 HDFS Write: 432708 SUCCESS
Stage-Stage-5: Map: 4  Reduce: 1   Cumulative CPU: 13.46 sec   HDFS Read: 447018 HDFS Write: 2799 SUCCESS
Total MapReduce CPU Time Spent: 9 minutes 41 seconds 440 msec
OK
Time taken: 241.679 seconds, Fetched: 100 row(s)

real	4m17.977s
user	1m7.483s
sys	0m8.158s
