
Logging initialized using configuration in jar:file:/home/ubuntu/software/hive-1.2.1/lib/hive-common-1.2.1.jar!/hive-log4j.properties
Hive history file=/tmp/ubuntu/hive_job_log_a1c40dbb-d7e1-487f-9e88-186ae1e7c3b4_1453191041.txt
OK
Time taken: 1.51 seconds
Query ID = ubuntu_20150925104102_22ba8dda-27fb-4ca1-8bc3-876563a90ffd
Total jobs = 9
Execution log at: /tmp/ubuntu/ubuntu_20150925104102_22ba8dda-27fb-4ca1-8bc3-876563a90ffd.log
2015-09-25 10:41:12	Starting to launch local task to process map join;	maximum memory = 932184064
2015-09-25 10:41:14	Dump the side-table for tag: 1 with group count: 7 into file: file:/tmp/ubuntu/a1c40dbb-d7e1-487f-9e88-186ae1e7c3b4/hive_2015-09-25_10-41-02_568_5771681517271926515-1/-local-10016/HashTable-Stage-15/MapJoin-mapfile41--.hashtable
2015-09-25 10:41:14	Uploaded 1 File to: file:/tmp/ubuntu/a1c40dbb-d7e1-487f-9e88-186ae1e7c3b4/hive_2015-09-25_10-41-02_568_5771681517271926515-1/-local-10016/HashTable-Stage-15/MapJoin-mapfile41--.hashtable (504 bytes)
2015-09-25 10:41:14	End of local task; Time Taken: 1.893 sec.
Execution completed successfully
MapredLocal task succeeded
Launching Job 1 out of 9
Number of reduce tasks is set to 0 since there's no reduce operator
Starting Job = job_1443170900597_0042, Tracking URL = http://group-2-vm1:8088/proxy/application_1443170900597_0042/
Kill Command = /home/ubuntu/software/hadoop-2.6.0/bin/hadoop job  -kill job_1443170900597_0042
Hadoop job information for Stage-15: number of mappers: 5; number of reducers: 0
2015-09-25 10:41:31,318 Stage-15 map = 0%,  reduce = 0%
2015-09-25 10:41:45,245 Stage-15 map = 2%,  reduce = 0%, Cumulative CPU 11.22 sec
2015-09-25 10:41:51,677 Stage-15 map = 4%,  reduce = 0%, Cumulative CPU 56.77 sec
2015-09-25 10:41:53,876 Stage-15 map = 12%,  reduce = 0%, Cumulative CPU 69.33 sec
2015-09-25 10:41:57,094 Stage-15 map = 14%,  reduce = 0%, Cumulative CPU 85.38 sec
2015-09-25 10:41:58,174 Stage-15 map = 16%,  reduce = 0%, Cumulative CPU 88.59 sec
2015-09-25 10:41:59,251 Stage-15 map = 19%,  reduce = 0%, Cumulative CPU 91.72 sec
2015-09-25 10:42:00,337 Stage-15 map = 23%,  reduce = 0%, Cumulative CPU 104.35 sec
2015-09-25 10:42:02,470 Stage-15 map = 27%,  reduce = 0%, Cumulative CPU 117.1 sec
2015-09-25 10:42:03,552 Stage-15 map = 28%,  reduce = 0%, Cumulative CPU 120.2 sec
2015-09-25 10:42:05,697 Stage-15 map = 34%,  reduce = 0%, Cumulative CPU 133.09 sec
2015-09-25 10:42:08,907 Stage-15 map = 37%,  reduce = 0%, Cumulative CPU 148.83 sec
2015-09-25 10:42:09,990 Stage-15 map = 39%,  reduce = 0%, Cumulative CPU 152.01 sec
2015-09-25 10:42:12,144 Stage-15 map = 44%,  reduce = 0%, Cumulative CPU 164.57 sec
2015-09-25 10:42:13,224 Stage-15 map = 46%,  reduce = 0%, Cumulative CPU 167.68 sec
2015-09-25 10:42:15,367 Stage-15 map = 50%,  reduce = 0%, Cumulative CPU 183.35 sec
2015-09-25 10:42:17,515 Stage-15 map = 53%,  reduce = 0%, Cumulative CPU 186.43 sec
2015-09-25 10:42:18,595 Stage-15 map = 57%,  reduce = 0%, Cumulative CPU 198.94 sec
2015-09-25 10:42:20,737 Stage-15 map = 62%,  reduce = 0%, Cumulative CPU 210.63 sec
2015-09-25 10:42:21,815 Stage-15 map = 65%,  reduce = 0%, Cumulative CPU 214.74 sec
2015-09-25 10:42:23,967 Stage-15 map = 67%,  reduce = 0%, Cumulative CPU 224.15 sec
2015-09-25 10:42:25,051 Stage-15 map = 69%,  reduce = 0%, Cumulative CPU 227.35 sec
2015-09-25 10:42:27,191 Stage-15 map = 73%,  reduce = 0%, Cumulative CPU 236.76 sec
2015-09-25 10:42:30,372 Stage-15 map = 78%,  reduce = 0%, Cumulative CPU 252.54 sec
2015-09-25 10:42:33,594 Stage-15 map = 80%,  reduce = 0%, Cumulative CPU 265.27 sec
2015-09-25 10:42:36,797 Stage-15 map = 85%,  reduce = 0%, Cumulative CPU 277.28 sec
2015-09-25 10:42:38,945 Stage-15 map = 87%,  reduce = 0%, Cumulative CPU 286.64 sec
2015-09-25 10:42:40,045 Stage-15 map = 89%,  reduce = 0%, Cumulative CPU 289.59 sec
2015-09-25 10:42:42,204 Stage-15 map = 93%,  reduce = 0%, Cumulative CPU 298.95 sec
2015-09-25 10:42:45,426 Stage-15 map = 96%,  reduce = 0%, Cumulative CPU 308.07 sec
2015-09-25 10:42:46,510 Stage-15 map = 98%,  reduce = 0%, Cumulative CPU 308.87 sec
2015-09-25 10:42:48,668 Stage-15 map = 100%,  reduce = 0%, Cumulative CPU 311.68 sec
MapReduce Total cumulative CPU time: 5 minutes 11 seconds 680 msec
Ended Job = job_1443170900597_0042
Stage-18 is selected by condition resolver.
Stage-19 is filtered out by condition resolver.
Stage-2 is filtered out by condition resolver.
Execution log at: /tmp/ubuntu/ubuntu_20150925104102_22ba8dda-27fb-4ca1-8bc3-876563a90ffd.log
2015-09-25 10:42:54	Starting to launch local task to process map join;	maximum memory = 932184064
2015-09-25 10:42:58	Dump the side-table for tag: 1 with group count: 3863 into file: file:/tmp/ubuntu/a1c40dbb-d7e1-487f-9e88-186ae1e7c3b4/hive_2015-09-25_10-41-02_568_5771681517271926515-1/-local-10012/HashTable-Stage-12/MapJoin-mapfile21--.hashtable
2015-09-25 10:42:58	Uploaded 1 File to: file:/tmp/ubuntu/a1c40dbb-d7e1-487f-9e88-186ae1e7c3b4/hive_2015-09-25_10-41-02_568_5771681517271926515-1/-local-10012/HashTable-Stage-12/MapJoin-mapfile21--.hashtable (163270 bytes)
2015-09-25 10:42:58	End of local task; Time Taken: 3.764 sec.
Execution completed successfully
MapredLocal task succeeded
Launching Job 3 out of 9
Number of reduce tasks is set to 0 since there's no reduce operator
Starting Job = job_1443170900597_0043, Tracking URL = http://group-2-vm1:8088/proxy/application_1443170900597_0043/
Kill Command = /home/ubuntu/software/hadoop-2.6.0/bin/hadoop job  -kill job_1443170900597_0043
Hadoop job information for Stage-12: number of mappers: 10; number of reducers: 0
2015-09-25 10:43:10,163 Stage-12 map = 0%,  reduce = 0%
2015-09-25 10:43:22,914 Stage-12 map = 2%,  reduce = 0%, Cumulative CPU 36.91 sec
2015-09-25 10:43:27,208 Stage-12 map = 6%,  reduce = 0%, Cumulative CPU 89.69 sec
2015-09-25 10:43:28,273 Stage-12 map = 12%,  reduce = 0%, Cumulative CPU 97.21 sec
2015-09-25 10:43:29,358 Stage-12 map = 17%,  reduce = 0%, Cumulative CPU 109.71 sec
2015-09-25 10:43:31,506 Stage-12 map = 27%,  reduce = 0%, Cumulative CPU 125.7 sec
2015-09-25 10:43:32,585 Stage-12 map = 56%,  reduce = 0%, Cumulative CPU 147.44 sec
2015-09-25 10:43:37,921 Stage-12 map = 80%,  reduce = 0%, Cumulative CPU 188.69 sec
2015-09-25 10:43:40,064 Stage-12 map = 95%,  reduce = 0%, Cumulative CPU 203.81 sec
2015-09-25 10:43:41,145 Stage-12 map = 100%,  reduce = 0%, Cumulative CPU 205.55 sec
MapReduce Total cumulative CPU time: 3 minutes 25 seconds 550 msec
Ended Job = job_1443170900597_0043
Stage-16 is selected by condition resolver.
Stage-17 is filtered out by condition resolver.
Stage-3 is filtered out by condition resolver.
Execution log at: /tmp/ubuntu/ubuntu_20150925104102_22ba8dda-27fb-4ca1-8bc3-876563a90ffd.log
2015-09-25 10:43:47	Starting to launch local task to process map join;	maximum memory = 932184064
2015-09-25 10:43:49	Dump the side-table for tag: 1 with group count: 60 into file: file:/tmp/ubuntu/a1c40dbb-d7e1-487f-9e88-186ae1e7c3b4/hive_2015-09-25_10-41-02_568_5771681517271926515-1/-local-10008/HashTable-Stage-9/MapJoin-mapfile01--.hashtable
2015-09-25 10:43:49	Uploaded 1 File to: file:/tmp/ubuntu/a1c40dbb-d7e1-487f-9e88-186ae1e7c3b4/hive_2015-09-25_10-41-02_568_5771681517271926515-1/-local-10008/HashTable-Stage-9/MapJoin-mapfile01--.hashtable (2248 bytes)
2015-09-25 10:43:49	End of local task; Time Taken: 2.492 sec.
Execution completed successfully
MapredLocal task succeeded
Launching Job 5 out of 9
Number of reduce tasks is set to 0 since there's no reduce operator
Starting Job = job_1443170900597_0044, Tracking URL = http://group-2-vm1:8088/proxy/application_1443170900597_0044/
Kill Command = /home/ubuntu/software/hadoop-2.6.0/bin/hadoop job  -kill job_1443170900597_0044
Hadoop job information for Stage-9: number of mappers: 3; number of reducers: 0
2015-09-25 10:43:57,818 Stage-9 map = 0%,  reduce = 0%
2015-09-25 10:44:08,523 Stage-9 map = 33%,  reduce = 0%, Cumulative CPU 6.05 sec
2015-09-25 10:44:09,598 Stage-9 map = 61%,  reduce = 0%, Cumulative CPU 21.55 sec
2015-09-25 10:44:11,748 Stage-9 map = 77%,  reduce = 0%, Cumulative CPU 23.62 sec
2015-09-25 10:44:12,821 Stage-9 map = 100%,  reduce = 0%, Cumulative CPU 26.82 sec
MapReduce Total cumulative CPU time: 26 seconds 820 msec
Ended Job = job_1443170900597_0044
Launching Job 6 out of 9
Number of reduce tasks not specified. Defaulting to jobconf value of: 5
In order to change the average load for a reducer (in bytes):
  set hive.exec.reducers.bytes.per.reducer=<number>
In order to limit the maximum number of reducers:
  set hive.exec.reducers.max=<number>
In order to set a constant number of reducers:
  set mapreduce.job.reduces=<number>
Starting Job = job_1443170900597_0045, Tracking URL = http://group-2-vm1:8088/proxy/application_1443170900597_0045/
Kill Command = /home/ubuntu/software/hadoop-2.6.0/bin/hadoop job  -kill job_1443170900597_0045
Hadoop job information for Stage-4: number of mappers: 1; number of reducers: 5
2015-09-25 10:44:21,243 Stage-4 map = 0%,  reduce = 0%
2015-09-25 10:44:30,716 Stage-4 map = 100%,  reduce = 0%, Cumulative CPU 4.72 sec
2015-09-25 10:44:38,090 Stage-4 map = 100%,  reduce = 40%, Cumulative CPU 10.65 sec
2015-09-25 10:44:39,161 Stage-4 map = 100%,  reduce = 100%, Cumulative CPU 19.57 sec
MapReduce Total cumulative CPU time: 19 seconds 570 msec
Ended Job = job_1443170900597_0045
Launching Job 7 out of 9
Number of reduce tasks determined at compile time: 1
In order to change the average load for a reducer (in bytes):
  set hive.exec.reducers.bytes.per.reducer=<number>
In order to limit the maximum number of reducers:
  set hive.exec.reducers.max=<number>
In order to set a constant number of reducers:
  set mapreduce.job.reduces=<number>
Starting Job = job_1443170900597_0046, Tracking URL = http://group-2-vm1:8088/proxy/application_1443170900597_0046/
Kill Command = /home/ubuntu/software/hadoop-2.6.0/bin/hadoop job  -kill job_1443170900597_0046
Hadoop job information for Stage-5: number of mappers: 4; number of reducers: 1
2015-09-25 10:44:47,809 Stage-5 map = 0%,  reduce = 0%
2015-09-25 10:44:57,469 Stage-5 map = 100%,  reduce = 0%, Cumulative CPU 10.88 sec
2015-09-25 10:45:03,872 Stage-5 map = 100%,  reduce = 100%, Cumulative CPU 13.21 sec
MapReduce Total cumulative CPU time: 13 seconds 210 msec
Ended Job = job_1443170900597_0046
MapReduce Jobs Launched: 
Stage-Stage-15: Map: 5   Cumulative CPU: 311.68 sec   HDFS Read: 1164950431 HDFS Write: 2535951899 SUCCESS
Stage-Stage-12: Map: 10   Cumulative CPU: 205.55 sec   HDFS Read: 2536073938 HDFS Write: 246864644 SUCCESS
Stage-Stage-9: Map: 3   Cumulative CPU: 26.82 sec   HDFS Read: 246905503 HDFS Write: 927129 SUCCESS
Stage-Stage-4: Map: 1  Reduce: 5   Cumulative CPU: 19.57 sec   HDFS Read: 954278 HDFS Write: 432708 SUCCESS
Stage-Stage-5: Map: 4  Reduce: 1   Cumulative CPU: 13.21 sec   HDFS Read: 447018 HDFS Write: 2799 SUCCESS
Total MapReduce CPU Time Spent: 9 minutes 36 seconds 830 msec
OK
Time taken: 243.565 seconds, Fetched: 100 row(s)

real	4m19.888s
user	1m10.696s
sys	0m7.808s
