hive start:2015-09-18T22:54:12

Logging initialized using configuration in jar:file:/home/ubuntu/software/hive-1.2.1/lib/hive-common-1.2.1.jar!/hive-log4j.properties
Hive history file=/tmp/ubuntu/hive_job_log_11848c8c-4efb-4bf5-9959-9803754ac9cd_429285506.txt
OK
Time taken: 1.508 seconds
Query ID = ubuntu_20150918225427_decf881e-01de-4b79-879b-649f19c2de82
Total jobs = 16
Stage-1 is selected by condition resolver.
Launching Job 1 out of 16
Number of reduce tasks not specified. Estimated from input data size: 32
In order to change the average load for a reducer (in bytes):
  set hive.exec.reducers.bytes.per.reducer=<number>
In order to limit the maximum number of reducers:
  set hive.exec.reducers.max=<number>
In order to set a constant number of reducers:
  set mapreduce.job.reduces=<number>
Starting Job = job_1442615427580_0023, Tracking URL = http://group-2-vm1:8088/proxy/application_1442615427580_0023/
Kill Command = /home/ubuntu/software/hadoop-2.6.0/bin/hadoop job  -kill job_1442615427580_0023
Hadoop job information for Stage-1: number of mappers: 30; number of reducers: 32
2015-09-18 22:54:49,927 Stage-1 map = 0%,  reduce = 0%
2015-09-18 22:55:02,905 Stage-1 map = 1%,  reduce = 0%, Cumulative CPU 24.51 sec
2015-09-18 22:55:07,145 Stage-1 map = 2%,  reduce = 0%, Cumulative CPU 87.07 sec
2015-09-18 22:55:08,213 Stage-1 map = 3%,  reduce = 0%, Cumulative CPU 114.74 sec
2015-09-18 22:55:09,279 Stage-1 map = 4%,  reduce = 0%, Cumulative CPU 117.79 sec
2015-09-18 22:55:10,339 Stage-1 map = 6%,  reduce = 0%, Cumulative CPU 134.11 sec
2015-09-18 22:55:11,401 Stage-1 map = 9%,  reduce = 0%, Cumulative CPU 152.24 sec
2015-09-18 22:55:13,561 Stage-1 map = 20%,  reduce = 0%, Cumulative CPU 173.16 sec
2015-09-18 22:55:14,641 Stage-1 map = 22%,  reduce = 0%, Cumulative CPU 181.91 sec
2015-09-18 22:55:15,748 Stage-1 map = 23%,  reduce = 0%, Cumulative CPU 191.97 sec
2015-09-18 22:55:17,910 Stage-1 map = 26%,  reduce = 0%, Cumulative CPU 213.55 sec
2015-09-18 22:55:19,048 Stage-1 map = 33%,  reduce = 0%, Cumulative CPU 235.53 sec
2015-09-18 22:55:20,148 Stage-1 map = 36%,  reduce = 0%, Cumulative CPU 245.15 sec
2015-09-18 22:55:21,217 Stage-1 map = 40%,  reduce = 0%, Cumulative CPU 254.11 sec
2015-09-18 22:55:22,312 Stage-1 map = 46%,  reduce = 0%, Cumulative CPU 269.25 sec
2015-09-18 22:55:23,432 Stage-1 map = 52%,  reduce = 0%, Cumulative CPU 284.03 sec
2015-09-18 22:55:24,620 Stage-1 map = 53%,  reduce = 0%, Cumulative CPU 287.32 sec
2015-09-18 22:55:29,972 Stage-1 map = 54%,  reduce = 0%, Cumulative CPU 306.54 sec
2015-09-18 22:55:32,113 Stage-1 map = 56%,  reduce = 0%, Cumulative CPU 331.91 sec
2015-09-18 22:55:33,191 Stage-1 map = 62%,  reduce = 0%, Cumulative CPU 367.54 sec
2015-09-18 22:55:34,252 Stage-1 map = 63%,  reduce = 0%, Cumulative CPU 386.2 sec
2015-09-18 22:55:35,325 Stage-1 map = 67%,  reduce = 0%, Cumulative CPU 401.41 sec
2015-09-18 22:55:36,403 Stage-1 map = 72%,  reduce = 0%, Cumulative CPU 412.7 sec
2015-09-18 22:55:37,461 Stage-1 map = 73%,  reduce = 0%, Cumulative CPU 420.11 sec
2015-09-18 22:55:38,538 Stage-1 map = 79%,  reduce = 0%, Cumulative CPU 435.06 sec
2015-09-18 22:55:39,599 Stage-1 map = 81%,  reduce = 0%, Cumulative CPU 446.69 sec
2015-09-18 22:55:40,656 Stage-1 map = 85%,  reduce = 0%, Cumulative CPU 458.56 sec
2015-09-18 22:55:41,748 Stage-1 map = 92%,  reduce = 0%, Cumulative CPU 474.63 sec
2015-09-18 22:55:42,802 Stage-1 map = 95%,  reduce = 0%, Cumulative CPU 481.35 sec
2015-09-18 22:55:43,859 Stage-1 map = 97%,  reduce = 0%, Cumulative CPU 486.99 sec
2015-09-18 22:55:45,979 Stage-1 map = 98%,  reduce = 0%, Cumulative CPU 490.77 sec
2015-09-18 22:55:47,081 Stage-1 map = 99%,  reduce = 0%, Cumulative CPU 493.98 sec
2015-09-18 22:55:49,232 Stage-1 map = 100%,  reduce = 0%, Cumulative CPU 496.87 sec
2015-09-18 22:56:00,921 Stage-1 map = 100%,  reduce = 9%, Cumulative CPU 523.0 sec
2015-09-18 22:56:03,058 Stage-1 map = 100%,  reduce = 19%, Cumulative CPU 550.55 sec
2015-09-18 22:56:04,125 Stage-1 map = 100%,  reduce = 34%, Cumulative CPU 590.96 sec
2015-09-18 22:56:05,208 Stage-1 map = 100%,  reduce = 46%, Cumulative CPU 627.3 sec
2015-09-18 22:56:06,269 Stage-1 map = 100%,  reduce = 48%, Cumulative CPU 634.23 sec
2015-09-18 22:56:07,346 Stage-1 map = 100%,  reduce = 50%, Cumulative CPU 642.03 sec
2015-09-18 22:56:13,967 Stage-1 map = 100%,  reduce = 55%, Cumulative CPU 649.07 sec
2015-09-18 22:56:15,084 Stage-1 map = 100%,  reduce = 57%, Cumulative CPU 663.11 sec
2015-09-18 22:56:16,203 Stage-1 map = 100%,  reduce = 68%, Cumulative CPU 692.8 sec
2015-09-18 22:56:17,280 Stage-1 map = 100%,  reduce = 80%, Cumulative CPU 727.31 sec
2015-09-18 22:56:18,346 Stage-1 map = 100%,  reduce = 87%, Cumulative CPU 747.93 sec
2015-09-18 22:56:19,399 Stage-1 map = 100%,  reduce = 98%, Cumulative CPU 778.97 sec
2015-09-18 22:56:20,459 Stage-1 map = 100%,  reduce = 99%, Cumulative CPU 782.41 sec
2015-09-18 22:56:21,531 Stage-1 map = 100%,  reduce = 100%, Cumulative CPU 785.71 sec
MapReduce Total cumulative CPU time: 13 minutes 5 seconds 710 msec
Ended Job = job_1442615427580_0023
Execution log at: /tmp/ubuntu/ubuntu_20150918225427_decf881e-01de-4b79-879b-649f19c2de82.log
2015-09-18 22:56:27	Starting to launch local task to process map join;	maximum memory = 932184064
2015-09-18 22:56:29	Dump the side-table for tag: 1 with group count: 876 into file: file:/tmp/ubuntu/11848c8c-4efb-4bf5-9959-9803754ac9cd/hive_2015-09-18_22-54-27_558_8666567122958655970-1/-local-10030/HashTable-Stage-30/MapJoin-mapfile91--.hashtable
2015-09-18 22:56:29	Uploaded 1 File to: file:/tmp/ubuntu/11848c8c-4efb-4bf5-9959-9803754ac9cd/hive_2015-09-18_22-54-27_558_8666567122958655970-1/-local-10030/HashTable-Stage-30/MapJoin-mapfile91--.hashtable (17481 bytes)
2015-09-18 22:56:29	End of local task; Time Taken: 1.699 sec.
Execution completed successfully
MapredLocal task succeeded
Launching Job 2 out of 16
Number of reduce tasks is set to 0 since there's no reduce operator
Starting Job = job_1442615427580_0024, Tracking URL = http://group-2-vm1:8088/proxy/application_1442615427580_0024/
Kill Command = /home/ubuntu/software/hadoop-2.6.0/bin/hadoop job  -kill job_1442615427580_0024
Hadoop job information for Stage-30: number of mappers: 4; number of reducers: 0
2015-09-18 22:56:37,893 Stage-30 map = 0%,  reduce = 0%
2015-09-18 22:56:51,684 Stage-30 map = 25%,  reduce = 0%, Cumulative CPU 26.93 sec
2015-09-18 22:56:54,937 Stage-30 map = 63%,  reduce = 0%, Cumulative CPU 39.32 sec
2015-09-18 22:56:57,038 Stage-30 map = 100%,  reduce = 0%, Cumulative CPU 48.96 sec
MapReduce Total cumulative CPU time: 48 seconds 960 msec
Ended Job = job_1442615427580_0024
Stage-41 is filtered out by condition resolver.
Stage-42 is filtered out by condition resolver.
Stage-3 is selected by condition resolver.
Launching Job 3 out of 16
Number of reduce tasks not specified. Estimated from input data size: 2
In order to change the average load for a reducer (in bytes):
  set hive.exec.reducers.bytes.per.reducer=<number>
In order to limit the maximum number of reducers:
  set hive.exec.reducers.max=<number>
In order to set a constant number of reducers:
  set mapreduce.job.reduces=<number>
Starting Job = job_1442615427580_0025, Tracking URL = http://group-2-vm1:8088/proxy/application_1442615427580_0025/
Kill Command = /home/ubuntu/software/hadoop-2.6.0/bin/hadoop job  -kill job_1442615427580_0025
Hadoop job information for Stage-3: number of mappers: 5; number of reducers: 2
2015-09-18 22:57:06,634 Stage-3 map = 0%,  reduce = 0%
2015-09-18 22:57:17,431 Stage-3 map = 20%,  reduce = 0%, Cumulative CPU 6.86 sec
2015-09-18 22:57:19,564 Stage-3 map = 67%,  reduce = 0%, Cumulative CPU 33.22 sec
2015-09-18 22:57:20,635 Stage-3 map = 80%,  reduce = 0%, Cumulative CPU 35.51 sec
2015-09-18 22:57:21,705 Stage-3 map = 83%,  reduce = 0%, Cumulative CPU 38.63 sec
2015-09-18 22:57:28,030 Stage-3 map = 87%,  reduce = 0%, Cumulative CPU 44.79 sec
2015-09-18 22:57:34,400 Stage-3 map = 90%,  reduce = 0%, Cumulative CPU 50.95 sec
2015-09-18 22:57:37,586 Stage-3 map = 93%,  reduce = 0%, Cumulative CPU 54.09 sec
2015-09-18 22:57:47,144 Stage-3 map = 100%,  reduce = 0%, Cumulative CPU 63.87 sec
2015-09-18 22:57:58,726 Stage-3 map = 100%,  reduce = 67%, Cumulative CPU 79.27 sec
2015-09-18 22:58:01,880 Stage-3 map = 100%,  reduce = 72%, Cumulative CPU 85.88 sec
2015-09-18 22:58:05,043 Stage-3 map = 100%,  reduce = 78%, Cumulative CPU 92.33 sec
2015-09-18 22:58:08,201 Stage-3 map = 100%,  reduce = 83%, Cumulative CPU 98.8 sec
2015-09-18 22:58:11,378 Stage-3 map = 100%,  reduce = 88%, Cumulative CPU 105.18 sec
2015-09-18 22:58:13,493 Stage-3 map = 100%,  reduce = 91%, Cumulative CPU 108.38 sec
2015-09-18 22:58:14,560 Stage-3 map = 100%,  reduce = 94%, Cumulative CPU 111.55 sec
2015-09-18 22:58:16,668 Stage-3 map = 100%,  reduce = 96%, Cumulative CPU 114.77 sec
2015-09-18 22:58:17,748 Stage-3 map = 100%,  reduce = 99%, Cumulative CPU 118.27 sec
2015-09-18 22:58:18,833 Stage-3 map = 100%,  reduce = 100%, Cumulative CPU 119.61 sec
MapReduce Total cumulative CPU time: 1 minutes 59 seconds 610 msec
Ended Job = job_1442615427580_0025
Stage-39 is filtered out by condition resolver.
Stage-40 is filtered out by condition resolver.
Stage-4 is selected by condition resolver.
Launching Job 4 out of 16
Number of reduce tasks not specified. Estimated from input data size: 2
In order to change the average load for a reducer (in bytes):
  set hive.exec.reducers.bytes.per.reducer=<number>
In order to limit the maximum number of reducers:
  set hive.exec.reducers.max=<number>
In order to set a constant number of reducers:
  set mapreduce.job.reduces=<number>
Starting Job = job_1442615427580_0026, Tracking URL = http://group-2-vm1:8088/proxy/application_1442615427580_0026/
Kill Command = /home/ubuntu/software/hadoop-2.6.0/bin/hadoop job  -kill job_1442615427580_0026
Hadoop job information for Stage-4: number of mappers: 6; number of reducers: 2
2015-09-18 22:58:28,265 Stage-4 map = 0%,  reduce = 0%
2015-09-18 22:58:39,786 Stage-4 map = 17%,  reduce = 0%, Cumulative CPU 6.77 sec
2015-09-18 22:58:41,899 Stage-4 map = 61%,  reduce = 0%, Cumulative CPU 42.18 sec
2015-09-18 22:58:42,949 Stage-4 map = 67%,  reduce = 0%, Cumulative CPU 43.17 sec
2015-09-18 22:58:52,336 Stage-4 map = 77%,  reduce = 0%, Cumulative CPU 64.81 sec
2015-09-18 22:58:53,387 Stage-4 map = 88%,  reduce = 0%, Cumulative CPU 68.1 sec
2015-09-18 22:58:55,476 Stage-4 map = 89%,  reduce = 0%, Cumulative CPU 71.39 sec
2015-09-18 22:58:56,549 Stage-4 map = 100%,  reduce = 0%, Cumulative CPU 74.89 sec
2015-09-18 22:59:08,124 Stage-4 map = 100%,  reduce = 67%, Cumulative CPU 91.03 sec
2015-09-18 22:59:10,233 Stage-4 map = 100%,  reduce = 70%, Cumulative CPU 91.03 sec
2015-09-18 22:59:11,289 Stage-4 map = 100%,  reduce = 72%, Cumulative CPU 97.66 sec
2015-09-18 22:59:13,403 Stage-4 map = 100%,  reduce = 74%, Cumulative CPU 100.91 sec
2015-09-18 22:59:14,471 Stage-4 map = 100%,  reduce = 76%, Cumulative CPU 104.2 sec
2015-09-18 22:59:16,582 Stage-4 map = 100%,  reduce = 79%, Cumulative CPU 107.41 sec
2015-09-18 22:59:17,649 Stage-4 map = 100%,  reduce = 81%, Cumulative CPU 110.63 sec
2015-09-18 22:59:19,769 Stage-4 map = 100%,  reduce = 83%, Cumulative CPU 113.83 sec
2015-09-18 22:59:20,834 Stage-4 map = 100%,  reduce = 86%, Cumulative CPU 117.06 sec
2015-09-18 22:59:22,950 Stage-4 map = 100%,  reduce = 90%, Cumulative CPU 123.49 sec
2015-09-18 22:59:26,110 Stage-4 map = 100%,  reduce = 95%, Cumulative CPU 130.0 sec
2015-09-18 22:59:29,273 Stage-4 map = 100%,  reduce = 99%, Cumulative CPU 136.48 sec
2015-09-18 22:59:30,340 Stage-4 map = 100%,  reduce = 100%, Cumulative CPU 137.37 sec
MapReduce Total cumulative CPU time: 2 minutes 17 seconds 370 msec
Ended Job = job_1442615427580_0026
Stage-37 is filtered out by condition resolver.
Stage-38 is filtered out by condition resolver.
Stage-5 is selected by condition resolver.
Launching Job 5 out of 16
Number of reduce tasks not specified. Estimated from input data size: 2
In order to change the average load for a reducer (in bytes):
  set hive.exec.reducers.bytes.per.reducer=<number>
In order to limit the maximum number of reducers:
  set hive.exec.reducers.max=<number>
In order to set a constant number of reducers:
  set mapreduce.job.reduces=<number>
Starting Job = job_1442615427580_0027, Tracking URL = http://group-2-vm1:8088/proxy/application_1442615427580_0027/
Kill Command = /home/ubuntu/software/hadoop-2.6.0/bin/hadoop job  -kill job_1442615427580_0027
Hadoop job information for Stage-5: number of mappers: 3; number of reducers: 2
2015-09-18 22:59:39,881 Stage-5 map = 0%,  reduce = 0%
2015-09-18 22:59:52,555 Stage-5 map = 33%,  reduce = 0%, Cumulative CPU 21.44 sec
2015-09-18 23:00:00,999 Stage-5 map = 68%,  reduce = 0%, Cumulative CPU 40.07 sec
2015-09-18 23:00:07,314 Stage-5 map = 78%,  reduce = 0%, Cumulative CPU 52.53 sec
2015-09-18 23:00:09,463 Stage-5 map = 89%,  reduce = 0%, Cumulative CPU 54.98 sec
2015-09-18 23:00:10,548 Stage-5 map = 100%,  reduce = 0%, Cumulative CPU 57.98 sec
2015-09-18 23:00:22,239 Stage-5 map = 100%,  reduce = 34%, Cumulative CPU 64.73 sec
2015-09-18 23:00:23,310 Stage-5 map = 100%,  reduce = 67%, Cumulative CPU 69.24 sec
2015-09-18 23:00:25,438 Stage-5 map = 100%,  reduce = 71%, Cumulative CPU 77.36 sec
2015-09-18 23:00:28,615 Stage-5 map = 100%,  reduce = 76%, Cumulative CPU 83.98 sec
2015-09-18 23:00:31,812 Stage-5 map = 100%,  reduce = 81%, Cumulative CPU 90.46 sec
2015-09-18 23:00:34,991 Stage-5 map = 100%,  reduce = 85%, Cumulative CPU 96.94 sec
2015-09-18 23:00:37,109 Stage-5 map = 100%,  reduce = 88%, Cumulative CPU 100.23 sec
2015-09-18 23:00:38,170 Stage-5 map = 100%,  reduce = 90%, Cumulative CPU 103.54 sec
2015-09-18 23:00:40,282 Stage-5 map = 100%,  reduce = 93%, Cumulative CPU 106.81 sec
2015-09-18 23:00:41,344 Stage-5 map = 100%,  reduce = 95%, Cumulative CPU 110.08 sec
2015-09-18 23:00:43,469 Stage-5 map = 100%,  reduce = 97%, Cumulative CPU 112.66 sec
2015-09-18 23:00:44,543 Stage-5 map = 100%,  reduce = 100%, Cumulative CPU 116.77 sec
MapReduce Total cumulative CPU time: 1 minutes 56 seconds 770 msec
Ended Job = job_1442615427580_0027
Stage-35 is selected by condition resolver.
Stage-36 is filtered out by condition resolver.
Stage-6 is filtered out by condition resolver.
Execution log at: /tmp/ubuntu/ubuntu_20150918225427_decf881e-01de-4b79-879b-649f19c2de82.log
2015-09-18 23:00:51	Starting to launch local task to process map join;	maximum memory = 932184064
2015-09-18 23:00:53	Dump the side-table for tag: 1 with group count: 365 into file: file:/tmp/ubuntu/11848c8c-4efb-4bf5-9959-9803754ac9cd/hive_2015-09-18_22-54-27_558_8666567122958655970-1/-local-10014/HashTable-Stage-18/MapJoin-mapfile11--.hashtable
2015-09-18 23:00:53	Uploaded 1 File to: file:/tmp/ubuntu/11848c8c-4efb-4bf5-9959-9803754ac9cd/hive_2015-09-18_22-54-27_558_8666567122958655970-1/-local-10014/HashTable-Stage-18/MapJoin-mapfile11--.hashtable (7963 bytes)
2015-09-18 23:00:53	End of local task; Time Taken: 2.123 sec.
Execution completed successfully
MapredLocal task succeeded
Launching Job 7 out of 16
Number of reduce tasks is set to 0 since there's no reduce operator
Starting Job = job_1442615427580_0028, Tracking URL = http://group-2-vm1:8088/proxy/application_1442615427580_0028/
Kill Command = /home/ubuntu/software/hadoop-2.6.0/bin/hadoop job  -kill job_1442615427580_0028
Hadoop job information for Stage-18: number of mappers: 2; number of reducers: 0
2015-09-18 23:01:02,375 Stage-18 map = 0%,  reduce = 0%
2015-09-18 23:01:20,325 Stage-18 map = 82%,  reduce = 0%, Cumulative CPU 29.99 sec
2015-09-18 23:01:21,404 Stage-18 map = 100%,  reduce = 0%, Cumulative CPU 31.27 sec
MapReduce Total cumulative CPU time: 31 seconds 270 msec
Ended Job = job_1442615427580_0028
Execution log at: /tmp/ubuntu/ubuntu_20150918225427_decf881e-01de-4b79-879b-649f19c2de82.log
2015-09-18 23:01:27	Starting to launch local task to process map join;	maximum memory = 932184064
2015-09-18 23:01:29	Dump the side-table for tag: 1 with group count: 39 into file: file:/tmp/ubuntu/11848c8c-4efb-4bf5-9959-9803754ac9cd/hive_2015-09-18_22-54-27_558_8666567122958655970-1/-local-10012/HashTable-Stage-8/MapJoin-mapfile01--.hashtable
2015-09-18 23:01:29	Uploaded 1 File to: file:/tmp/ubuntu/11848c8c-4efb-4bf5-9959-9803754ac9cd/hive_2015-09-18_22-54-27_558_8666567122958655970-1/-local-10012/HashTable-Stage-8/MapJoin-mapfile01--.hashtable (1662 bytes)
2015-09-18 23:01:29	End of local task; Time Taken: 1.759 sec.
Execution completed successfully
MapredLocal task succeeded
Launching Job 8 out of 16
Number of reduce tasks not specified. Estimated from input data size: 1
In order to change the average load for a reducer (in bytes):
  set hive.exec.reducers.bytes.per.reducer=<number>
In order to limit the maximum number of reducers:
  set hive.exec.reducers.max=<number>
In order to set a constant number of reducers:
  set mapreduce.job.reduces=<number>
Starting Job = job_1442615427580_0029, Tracking URL = http://group-2-vm1:8088/proxy/application_1442615427580_0029/
Kill Command = /home/ubuntu/software/hadoop-2.6.0/bin/hadoop job  -kill job_1442615427580_0029
Hadoop job information for Stage-8: number of mappers: 1; number of reducers: 1
2015-09-18 23:01:37,614 Stage-8 map = 0%,  reduce = 0%
2015-09-18 23:01:51,297 Stage-8 map = 33%,  reduce = 0%, Cumulative CPU 10.85 sec
2015-09-18 23:01:54,499 Stage-8 map = 100%,  reduce = 0%, Cumulative CPU 13.4 sec
2015-09-18 23:02:01,920 Stage-8 map = 100%,  reduce = 100%, Cumulative CPU 15.77 sec
MapReduce Total cumulative CPU time: 15 seconds 770 msec
Ended Job = job_1442615427580_0029
Launching Job 9 out of 16
Number of reduce tasks determined at compile time: 1
In order to change the average load for a reducer (in bytes):
  set hive.exec.reducers.bytes.per.reducer=<number>
In order to limit the maximum number of reducers:
  set hive.exec.reducers.max=<number>
In order to set a constant number of reducers:
  set mapreduce.job.reduces=<number>
Starting Job = job_1442615427580_0030, Tracking URL = http://group-2-vm1:8088/proxy/application_1442615427580_0030/
Kill Command = /home/ubuntu/software/hadoop-2.6.0/bin/hadoop job  -kill job_1442615427580_0030
Hadoop job information for Stage-9: number of mappers: 1; number of reducers: 1
2015-09-18 23:02:10,250 Stage-9 map = 0%,  reduce = 0%
2015-09-18 23:02:17,590 Stage-9 map = 100%,  reduce = 0%, Cumulative CPU 2.03 sec
2015-09-18 23:02:25,069 Stage-9 map = 100%,  reduce = 100%, Cumulative CPU 3.67 sec
MapReduce Total cumulative CPU time: 3 seconds 670 msec
Ended Job = job_1442615427580_0030
MapReduce Jobs Launched: 
Stage-Stage-1: Map: 30  Reduce: 32   Cumulative CPU: 785.71 sec   HDFS Read: 8124264449 HDFS Write: 226967742 SUCCESS
Stage-Stage-30: Map: 4   Cumulative CPU: 48.96 sec   HDFS Read: 227005790 HDFS Write: 235481531 SUCCESS
Stage-Stage-3: Map: 5  Reduce: 2   Cumulative CPU: 119.61 sec   HDFS Read: 316193877 HDFS Write: 293830162 SUCCESS
Stage-Stage-4: Map: 6  Reduce: 2   Cumulative CPU: 137.37 sec   HDFS Read: 374559911 HDFS Write: 348836372 SUCCESS
Stage-Stage-5: Map: 3  Reduce: 2   Cumulative CPU: 116.77 sec   HDFS Read: 391385886 HDFS Write: 419920193 SUCCESS
Stage-Stage-18: Map: 2   Cumulative CPU: 31.27 sec   HDFS Read: 419943675 HDFS Write: 85556487 SUCCESS
Stage-Stage-8: Map: 1  Reduce: 1   Cumulative CPU: 15.77 sec   HDFS Read: 85590120 HDFS Write: 1858 SUCCESS
Stage-Stage-9: Map: 1  Reduce: 1   Cumulative CPU: 3.67 sec   HDFS Read: 7083 HDFS Write: 1783 SUCCESS
Total MapReduce CPU Time Spent: 20 minutes 59 seconds 130 msec
OK
Did not fit	36.4	922.3180053710937	44.14999961853027
Did not like the col	7.0	65.66000366210938	52.52000045776367
Did not like the mak	12.0	359.4599914550781	34.9900016784668
Did not like the mod	4.5	96.23500061035156	18.535000205039978
Found a better exten	5.0	65.47000122070312	41.73500061035156
Found a better price	21.5	365.5500011444092	44.73249959945679
Gift exchange	15.5	502.5549907684326	48.635000228881836
No service location 	18.0	670.0650100708008	32.06499934196472
Not working any more	22.0	90.98999977111816	20.105000019073486
Package was damaged	19.0	941.0019750595093	31.7440003156662
Parts missing	14.333333333333334	213.90000025431314	57.020002365112305
Stopped working	27.0	452.43249130249023	70.0649995803833
Wrong size	23.5	431.12999725341797	65.73999786376953
duplicate purchase	18.0	0.0	5.519999980926514
it is a girl	10.5	474.72498321533203	29.644999027252197
its is a boy	27.5	196.35500717163086	26.50499999523163
reason 24	9.75	172.76999378204346	65.16749954223633
reason 25	9.0	259.3500061035156	52.0099983215332
reason 26	5.0	248.11000061035156	74.68000030517578
reason 27	25.666666666666668	467.3833363850911	38.336666107177734
reason 28	42.0	497.6000061035156	64.03499984741211
reason 29	22.0	374.82666810353595	44.30666542053223
reason 31	36.25	760.8725032806396	54.20750141143799
reason 32	44.0	92.88000297546387	75.44499969482422
reason 33	9.0	180.9300038019816	45.070000330607094
reason 34	31.0	263.83998918533325	33.27000069618225
reason 35	6.0	558.7899780273438	70.2300033569336
reason 36	14.0	407.8599853515625	67.08999633789062
reason 37	24.0	526.3600006103516	57.30000114440918
reason 38	9.0	146.94749927520752	21.157500505447388
reason 39	52.5	675.9999961853027	43.98499870300293
unauthoized purchase	37.0	761.5599975585938	43.720001220703125
Time taken: 478.74 seconds, Fetched: 32 row(s)
79.87user 8.84system 8:13.99elapsed 17%CPU (0avgtext+0avgdata 652772maxresident)k
161336inputs+495560outputs (139major+255811minor)pagefaults 0swaps
hive ends:2015-09-18T23:02:26
