
Logging initialized using configuration in jar:file:/home/ubuntu/software/hive-1.2.1/lib/hive-common-1.2.1.jar!/hive-log4j.properties
Hive history file=/tmp/ubuntu/hive_job_log_f5d199a5-219d-4b24-9808-247a3dbf160f_1657331916.txt
Exception in thread "main" java.lang.RuntimeException: java.lang.RuntimeException: Unable to instantiate org.apache.hadoop.hive.ql.metadata.SessionHiveMetaStoreClient
	at org.apache.hadoop.hive.ql.session.SessionState.start(SessionState.java:522)
	at org.apache.hadoop.hive.cli.CliDriver.run(CliDriver.java:677)
	at org.apache.hadoop.hive.cli.CliDriver.main(CliDriver.java:621)
	at sun.reflect.NativeMethodAccessorImpl.invoke0(Native Method)
	at sun.reflect.NativeMethodAccessorImpl.invoke(NativeMethodAccessorImpl.java:57)
	at sun.reflect.DelegatingMethodAccessorImpl.invoke(DelegatingMethodAccessorImpl.java:43)
	at java.lang.reflect.Method.invoke(Method.java:606)
	at org.apache.hadoop.util.RunJar.run(RunJar.java:221)
	at org.apache.hadoop.util.RunJar.main(RunJar.java:136)
Caused by: java.lang.RuntimeException: Unable to instantiate org.apache.hadoop.hive.ql.metadata.SessionHiveMetaStoreClient
	at org.apache.hadoop.hive.metastore.MetaStoreUtils.newInstance(MetaStoreUtils.java:1523)
	at org.apache.hadoop.hive.metastore.RetryingMetaStoreClient.<init>(RetryingMetaStoreClient.java:86)
	at org.apache.hadoop.hive.metastore.RetryingMetaStoreClient.getProxy(RetryingMetaStoreClient.java:132)
	at org.apache.hadoop.hive.metastore.RetryingMetaStoreClient.getProxy(RetryingMetaStoreClient.java:104)
	at org.apache.hadoop.hive.ql.metadata.Hive.createMetaStoreClient(Hive.java:3005)
	at org.apache.hadoop.hive.ql.metadata.Hive.getMSC(Hive.java:3024)
	at org.apache.hadoop.hive.ql.session.SessionState.start(SessionState.java:503)
	... 8 more
Caused by: java.lang.reflect.InvocationTargetException
	at sun.reflect.NativeConstructorAccessorImpl.newInstance0(Native Method)
	at sun.reflect.NativeConstructorAccessorImpl.newInstance(NativeConstructorAccessorImpl.java:57)
	at sun.reflect.DelegatingConstructorAccessorImpl.newInstance(DelegatingConstructorAccessorImpl.java:45)
	at java.lang.reflect.Constructor.newInstance(Constructor.java:526)
	at org.apache.hadoop.hive.metastore.MetaStoreUtils.newInstance(MetaStoreUtils.java:1521)
	... 14 more
Caused by: javax.jdo.JDOUserException: The query returned more than one instance BUT either unique is set to true or only aggregates are to be returned, so should have returned one result maximum
NestedThrowables:
org.datanucleus.store.query.QueryNotUniqueException: The query returned more than one instance BUT either unique is set to true or only aggregates are to be returned, so should have returned one result maximum
	at org.datanucleus.api.jdo.NucleusJDOHelper.getJDOExceptionForNucleusException(NucleusJDOHelper.java:549)
	at org.datanucleus.api.jdo.JDOQuery.execute(JDOQuery.java:252)
	at org.apache.hadoop.hive.metastore.ObjectStore.getMRole(ObjectStore.java:3531)
	at org.apache.hadoop.hive.metastore.ObjectStore.addRole(ObjectStore.java:3221)
	at sun.reflect.NativeMethodAccessorImpl.invoke0(Native Method)
	at sun.reflect.NativeMethodAccessorImpl.invoke(NativeMethodAccessorImpl.java:57)
	at sun.reflect.DelegatingMethodAccessorImpl.invoke(DelegatingMethodAccessorImpl.java:43)
	at java.lang.reflect.Method.invoke(Method.java:606)
	at org.apache.hadoop.hive.metastore.RawStoreProxy.invoke(RawStoreProxy.java:114)
	at com.sun.proxy.$Proxy4.addRole(Unknown Source)
	at org.apache.hadoop.hive.metastore.HiveMetaStore$HMSHandler.createDefaultRoles_core(HiveMetaStore.java:656)
	at org.apache.hadoop.hive.metastore.HiveMetaStore$HMSHandler.createDefaultRoles(HiveMetaStore.java:648)
	at org.apache.hadoop.hive.metastore.HiveMetaStore$HMSHandler.init(HiveMetaStore.java:462)
	at org.apache.hadoop.hive.metastore.RetryingHMSHandler.<init>(RetryingHMSHandler.java:66)
	at org.apache.hadoop.hive.metastore.RetryingHMSHandler.getProxy(RetryingHMSHandler.java:72)
	at org.apache.hadoop.hive.metastore.HiveMetaStore.newRetryingHMSHandler(HiveMetaStore.java:5762)
	at org.apache.hadoop.hive.metastore.HiveMetaStoreClient.<init>(HiveMetaStoreClient.java:199)
	at org.apache.hadoop.hive.ql.metadata.SessionHiveMetaStoreClient.<init>(SessionHiveMetaStoreClient.java:74)
	... 19 more
Caused by: org.datanucleus.store.query.QueryNotUniqueException: The query returned more than one instance BUT either unique is set to true or only aggregates are to be returned, so should have returned one result maximum
	at org.datanucleus.store.query.Query.executeQuery(Query.java:1822)
	at org.datanucleus.store.query.Query.executeWithArray(Query.java:1672)
	at org.datanucleus.api.jdo.JDOQuery.execute(JDOQuery.java:243)
	... 35 more
Command exited with non-zero status 1
11.32user 0.75system 0:06.55elapsed 184%CPU (0avgtext+0avgdata 345092maxresident)k
0inputs+472outputs (0major+73587minor)pagefaults 0swaps
