hive start:2015-09-18T22:34:37

Logging initialized using configuration in jar:file:/home/ubuntu/software/hive-1.2.1/lib/hive-common-1.2.1.jar!/hive-log4j.properties
Hive history file=/tmp/ubuntu/hive_job_log_18260e23-df20-4e2b-82c3-73f0b1d04fa9_570400594.txt
OK
Time taken: 1.577 seconds
Query ID = ubuntu_20150918223453_ee6b2559-3f25-4e37-9434-99abbe6cbac6
Total jobs = 9
Execution log at: /tmp/ubuntu/ubuntu_20150918223453_ee6b2559-3f25-4e37-9434-99abbe6cbac6.log
2015-09-18 22:35:02	Starting to launch local task to process map join;	maximum memory = 932184064
2015-09-18 22:35:04	Dump the side-table for tag: 1 with group count: 7 into file: file:/tmp/ubuntu/18260e23-df20-4e2b-82c3-73f0b1d04fa9/hive_2015-09-18_22-34-53_058_8466414468461004215-1/-local-10016/HashTable-Stage-15/MapJoin-mapfile41--.hashtable
2015-09-18 22:35:04	Uploaded 1 File to: file:/tmp/ubuntu/18260e23-df20-4e2b-82c3-73f0b1d04fa9/hive_2015-09-18_22-34-53_058_8466414468461004215-1/-local-10016/HashTable-Stage-15/MapJoin-mapfile41--.hashtable (504 bytes)
2015-09-18 22:35:04	End of local task; Time Taken: 1.866 sec.
Execution completed successfully
MapredLocal task succeeded
Launching Job 1 out of 9
Number of reduce tasks is set to 0 since there's no reduce operator
Starting Job = job_1442615427580_0006, Tracking URL = http://group-2-vm1:8088/proxy/application_1442615427580_0006/
Kill Command = /home/ubuntu/software/hadoop-2.6.0/bin/hadoop job  -kill job_1442615427580_0006
Hadoop job information for Stage-15: number of mappers: 5; number of reducers: 0
2015-09-18 22:35:20,178 Stage-15 map = 0%,  reduce = 0%
2015-09-18 22:35:39,396 Stage-15 map = 11%,  reduce = 0%, Cumulative CPU 62.42 sec
2015-09-18 22:35:44,797 Stage-15 map = 12%,  reduce = 0%, Cumulative CPU 81.74 sec
2015-09-18 22:35:45,869 Stage-15 map = 21%,  reduce = 0%, Cumulative CPU 94.15 sec
2015-09-18 22:35:48,008 Stage-15 map = 26%,  reduce = 0%, Cumulative CPU 103.7 sec
2015-09-18 22:35:51,211 Stage-15 map = 32%,  reduce = 0%, Cumulative CPU 125.78 sec
2015-09-18 22:35:54,427 Stage-15 map = 39%,  reduce = 0%, Cumulative CPU 141.37 sec
2015-09-18 22:35:57,643 Stage-15 map = 42%,  reduce = 0%, Cumulative CPU 156.93 sec
2015-09-18 22:36:00,842 Stage-15 map = 49%,  reduce = 0%, Cumulative CPU 172.42 sec
2015-09-18 22:36:02,976 Stage-15 map = 51%,  reduce = 0%, Cumulative CPU 175.59 sec
2015-09-18 22:36:04,053 Stage-15 map = 53%,  reduce = 0%, Cumulative CPU 188.04 sec
2015-09-18 22:36:05,126 Stage-15 map = 56%,  reduce = 0%, Cumulative CPU 188.87 sec
2015-09-18 22:36:07,261 Stage-15 map = 62%,  reduce = 0%, Cumulative CPU 200.9 sec
2015-09-18 22:36:09,412 Stage-15 map = 64%,  reduce = 0%, Cumulative CPU 213.53 sec
2015-09-18 22:36:12,618 Stage-15 map = 69%,  reduce = 0%, Cumulative CPU 226.01 sec
2015-09-18 22:36:15,831 Stage-15 map = 73%,  reduce = 0%, Cumulative CPU 238.68 sec
2015-09-18 22:36:19,026 Stage-15 map = 76%,  reduce = 0%, Cumulative CPU 251.27 sec
2015-09-18 22:36:22,249 Stage-15 map = 80%,  reduce = 0%, Cumulative CPU 263.05 sec
2015-09-18 22:36:24,399 Stage-15 map = 84%,  reduce = 0%, Cumulative CPU 271.65 sec
2015-09-18 22:36:27,627 Stage-15 map = 87%,  reduce = 0%, Cumulative CPU 287.33 sec
2015-09-18 22:36:30,836 Stage-15 map = 91%,  reduce = 0%, Cumulative CPU 299.77 sec
2015-09-18 22:36:31,893 Stage-15 map = 95%,  reduce = 0%, Cumulative CPU 301.89 sec
2015-09-18 22:36:35,103 Stage-15 map = 96%,  reduce = 0%, Cumulative CPU 309.42 sec
2015-09-18 22:36:36,175 Stage-15 map = 98%,  reduce = 0%, Cumulative CPU 309.42 sec
2015-09-18 22:36:40,459 Stage-15 map = 100%,  reduce = 0%, Cumulative CPU 316.2 sec
MapReduce Total cumulative CPU time: 5 minutes 16 seconds 200 msec
Ended Job = job_1442615427580_0006
Stage-18 is selected by condition resolver.
Stage-19 is filtered out by condition resolver.
Stage-2 is filtered out by condition resolver.
Execution log at: /tmp/ubuntu/ubuntu_20150918223453_ee6b2559-3f25-4e37-9434-99abbe6cbac6.log
2015-09-18 22:36:46	Starting to launch local task to process map join;	maximum memory = 932184064
2015-09-18 22:36:48	Dump the side-table for tag: 1 with group count: 3863 into file: file:/tmp/ubuntu/18260e23-df20-4e2b-82c3-73f0b1d04fa9/hive_2015-09-18_22-34-53_058_8466414468461004215-1/-local-10012/HashTable-Stage-12/MapJoin-mapfile21--.hashtable
2015-09-18 22:36:49	Uploaded 1 File to: file:/tmp/ubuntu/18260e23-df20-4e2b-82c3-73f0b1d04fa9/hive_2015-09-18_22-34-53_058_8466414468461004215-1/-local-10012/HashTable-Stage-12/MapJoin-mapfile21--.hashtable (163270 bytes)
2015-09-18 22:36:49	End of local task; Time Taken: 2.584 sec.
Execution completed successfully
MapredLocal task succeeded
Launching Job 3 out of 9
Number of reduce tasks is set to 0 since there's no reduce operator
Starting Job = job_1442615427580_0007, Tracking URL = http://group-2-vm1:8088/proxy/application_1442615427580_0007/
Kill Command = /home/ubuntu/software/hadoop-2.6.0/bin/hadoop job  -kill job_1442615427580_0007
Hadoop job information for Stage-12: number of mappers: 10; number of reducers: 0
2015-09-18 22:36:59,526 Stage-12 map = 0%,  reduce = 0%
2015-09-18 22:37:12,460 Stage-12 map = 6%,  reduce = 0%, Cumulative CPU 70.54 sec
2015-09-18 22:37:14,614 Stage-12 map = 12%,  reduce = 0%, Cumulative CPU 79.04 sec
2015-09-18 22:37:18,855 Stage-12 map = 32%,  reduce = 0%, Cumulative CPU 128.89 sec
2015-09-18 22:37:19,926 Stage-12 map = 42%,  reduce = 0%, Cumulative CPU 135.08 sec
2015-09-18 22:37:22,026 Stage-12 map = 56%,  reduce = 0%, Cumulative CPU 156.77 sec
2015-09-18 22:37:25,173 Stage-12 map = 61%,  reduce = 0%, Cumulative CPU 186.32 sec
2015-09-18 22:37:26,223 Stage-12 map = 71%,  reduce = 0%, Cumulative CPU 190.22 sec
2015-09-18 22:37:27,291 Stage-12 map = 86%,  reduce = 0%, Cumulative CPU 204.1 sec
2015-09-18 22:37:28,341 Stage-12 map = 100%,  reduce = 0%, Cumulative CPU 209.0 sec
MapReduce Total cumulative CPU time: 3 minutes 29 seconds 0 msec
Ended Job = job_1442615427580_0007
Stage-16 is selected by condition resolver.
Stage-17 is filtered out by condition resolver.
Stage-3 is filtered out by condition resolver.
Execution log at: /tmp/ubuntu/ubuntu_20150918223453_ee6b2559-3f25-4e37-9434-99abbe6cbac6.log
2015-09-18 22:37:34	Starting to launch local task to process map join;	maximum memory = 932184064
2015-09-18 22:37:36	Dump the side-table for tag: 1 with group count: 60 into file: file:/tmp/ubuntu/18260e23-df20-4e2b-82c3-73f0b1d04fa9/hive_2015-09-18_22-34-53_058_8466414468461004215-1/-local-10008/HashTable-Stage-9/MapJoin-mapfile01--.hashtable
2015-09-18 22:37:36	Uploaded 1 File to: file:/tmp/ubuntu/18260e23-df20-4e2b-82c3-73f0b1d04fa9/hive_2015-09-18_22-34-53_058_8466414468461004215-1/-local-10008/HashTable-Stage-9/MapJoin-mapfile01--.hashtable (2248 bytes)
2015-09-18 22:37:36	End of local task; Time Taken: 2.259 sec.
Execution completed successfully
MapredLocal task succeeded
Launching Job 5 out of 9
Number of reduce tasks is set to 0 since there's no reduce operator
Starting Job = job_1442615427580_0008, Tracking URL = http://group-2-vm1:8088/proxy/application_1442615427580_0008/
Kill Command = /home/ubuntu/software/hadoop-2.6.0/bin/hadoop job  -kill job_1442615427580_0008
Hadoop job information for Stage-9: number of mappers: 3; number of reducers: 0
2015-09-18 22:37:45,140 Stage-9 map = 0%,  reduce = 0%
2015-09-18 22:37:59,990 Stage-9 map = 33%,  reduce = 0%, Cumulative CPU 6.36 sec
2015-09-18 22:38:01,054 Stage-9 map = 61%,  reduce = 0%, Cumulative CPU 21.12 sec
2015-09-18 22:38:04,273 Stage-9 map = 100%,  reduce = 0%, Cumulative CPU 28.9 sec
MapReduce Total cumulative CPU time: 28 seconds 900 msec
Ended Job = job_1442615427580_0008
Launching Job 6 out of 9
Number of reduce tasks not specified. Estimated from input data size: 1
In order to change the average load for a reducer (in bytes):
  set hive.exec.reducers.bytes.per.reducer=<number>
In order to limit the maximum number of reducers:
  set hive.exec.reducers.max=<number>
In order to set a constant number of reducers:
  set mapreduce.job.reduces=<number>
Starting Job = job_1442615427580_0009, Tracking URL = http://group-2-vm1:8088/proxy/application_1442615427580_0009/
Kill Command = /home/ubuntu/software/hadoop-2.6.0/bin/hadoop job  -kill job_1442615427580_0009
Hadoop job information for Stage-4: number of mappers: 1; number of reducers: 1
2015-09-18 22:38:12,676 Stage-4 map = 0%,  reduce = 0%
2015-09-18 22:38:21,127 Stage-4 map = 100%,  reduce = 0%, Cumulative CPU 4.67 sec
2015-09-18 22:38:30,732 Stage-4 map = 100%,  reduce = 100%, Cumulative CPU 9.79 sec
MapReduce Total cumulative CPU time: 9 seconds 790 msec
Ended Job = job_1442615427580_0009
Launching Job 7 out of 9
Number of reduce tasks determined at compile time: 1
In order to change the average load for a reducer (in bytes):
  set hive.exec.reducers.bytes.per.reducer=<number>
In order to limit the maximum number of reducers:
  set hive.exec.reducers.max=<number>
In order to set a constant number of reducers:
  set mapreduce.job.reduces=<number>
Starting Job = job_1442615427580_0010, Tracking URL = http://group-2-vm1:8088/proxy/application_1442615427580_0010/
Kill Command = /home/ubuntu/software/hadoop-2.6.0/bin/hadoop job  -kill job_1442615427580_0010
Hadoop job information for Stage-5: number of mappers: 1; number of reducers: 1
2015-09-18 22:38:39,350 Stage-5 map = 0%,  reduce = 0%
2015-09-18 22:38:46,818 Stage-5 map = 100%,  reduce = 0%, Cumulative CPU 3.25 sec
2015-09-18 22:38:54,295 Stage-5 map = 100%,  reduce = 100%, Cumulative CPU 5.49 sec
MapReduce Total cumulative CPU time: 5 seconds 490 msec
Ended Job = job_1442615427580_0010
MapReduce Jobs Launched: 
Stage-Stage-15: Map: 5   Cumulative CPU: 316.2 sec   HDFS Read: 1164950431 HDFS Write: 2535951899 SUCCESS
Stage-Stage-12: Map: 10   Cumulative CPU: 209.0 sec   HDFS Read: 2536074038 HDFS Write: 246864664 SUCCESS
Stage-Stage-9: Map: 3   Cumulative CPU: 28.9 sec   HDFS Read: 246905523 HDFS Write: 1247140 SUCCESS
Stage-Stage-4: Map: 1  Reduce: 1   Cumulative CPU: 9.79 sec   HDFS Read: 1255329 HDFS Write: 432344 SUCCESS
Stage-Stage-5: Map: 1  Reduce: 1   Cumulative CPU: 5.49 sec   HDFS Read: 438351 HDFS Write: 2799 SUCCESS
Total MapReduce CPU Time Spent: 9 minutes 29 seconds 380 msec
OK
	AAAAAAAAAAANAAAA	2640	2496
	AAAAAAAAAACDAAAA	1034	1314
	AAAAAAAAAAHMAAAA	2644	3757
	AAAAAAAAAAIIAAAA	2502	2092
	AAAAAAAAAAKNAAAA	2183	2240
	AAAAAAAAAALAAAAA	2430	2468
	AAAAAAAAAANDAAAA	1584	1366
	AAAAAAAAAANKAAAA	1616	2105
	AAAAAAAAABDAAAAA	2514	2640
	AAAAAAAAABEFAAAA	1845	1548
	AAAAAAAAABGMAAAA	2334	1572
	AAAAAAAAABGNAAAA	2627	2304
	AAAAAAAAABIHAAAA	2087	2884
	AAAAAAAAABLFAAAA	2670	1925
	AAAAAAAAACGLAAAA	2470	2049
	AAAAAAAAACGOAAAA	1453	2075
	AAAAAAAAACHCAAAA	2280	2036
	AAAAAAAAACLDAAAA	2632	1873
	AAAAAAAAACLGAAAA	1525	2041
	AAAAAAAAACLNAAAA	1670	2320
	AAAAAAAAACOBAAAA	2566	2711
	AAAAAAAAACPDAAAA	1781	2658
	AAAAAAAAADCMAAAA	2977	2344
	AAAAAAAAADIOAAAA	2672	2435
	AAAAAAAAADJFAAAA	2645	2806
	AAAAAAAAADPOAAAA	2476	1953
	AAAAAAAAAEBFAAAA	1790	1845
	AAAAAAAAAEFBAAAA	1512	1700
	AAAAAAAAAEHOAAAA	2251	2443
	AAAAAAAAAELOAAAA	2213	2398
	AAAAAAAAAEMAAAAA	1647	1643
	AAAAAAAAAEOCAAAA	1950	2293
	AAAAAAAAAFADAAAA	1701	1553
	AAAAAAAAAFGJAAAA	1405	1941
	AAAAAAAAAFJLAAAA	2396	2375
	AAAAAAAAAFKEAAAA	1166	980
	AAAAAAAAAFPCAAAA	2526	3200
	AAAAAAAAAFPJAAAA	2733	2181
	AAAAAAAAAGIDAAAA	2661	2186
	AAAAAAAAAGNMAAAA	2035	2991
	AAAAAAAAAHGHAAAA	2577	3172
	AAAAAAAAAHJBAAAA	1907	1675
	AAAAAAAAAHJJAAAA	2095	2846
	AAAAAAAAAHKMAAAA	2284	2753
	AAAAAAAAAHNCAAAA	2540	3563
	AAAAAAAAAHOEAAAA	2198	3112
	AAAAAAAAAICKAAAA	1322	1955
	AAAAAAAAAIECAAAA	1759	2184
	AAAAAAAAAIENAAAA	1971	2162
	AAAAAAAAAIJLAAAA	1546	1807
	AAAAAAAAAINEAAAA	2279	2388
	AAAAAAAAAJACAAAA	2664	3148
	AAAAAAAAAJAIAAAA	1868	2481
	AAAAAAAAAJCAAAAA	2115	3069
	AAAAAAAAAJCIAAAA	3035	3028
	AAAAAAAAAJEDAAAA	1735	2566
	AAAAAAAAAJFIAAAA	2434	2179
	AAAAAAAAAJKBAAAA	2108	1725
	AAAAAAAAAJKGAAAA	2342	3151
	AAAAAAAAAJNEAAAA	2299	2512
	AAAAAAAAAJNHAAAA	1882	2463
	AAAAAAAAAKAAAAAA	3018	2187
	AAAAAAAAAKAHAAAA	2507	2815
	AAAAAAAAAKCLAAAA	2349	2460
	AAAAAAAAAKDHAAAA	2277	3281
	AAAAAAAAAKHFAAAA	2511	1776
	AAAAAAAAAKMHAAAA	1406	1593
	AAAAAAAAAKPNAAAA	1873	2357
	AAAAAAAAALECAAAA	2305	1994
	AAAAAAAAALFMAAAA	1979	1829
	AAAAAAAAALHFAAAA	1445	1341
	AAAAAAAAALIGAAAA	2138	1434
	AAAAAAAAALJCAAAA	1854	1895
	AAAAAAAAALKKAAAA	1809	1859
	AAAAAAAAALLNAAAA	2434	2437
	AAAAAAAAALPFAAAA	1843	2452
	AAAAAAAAAMALAAAA	1171	1491
	AAAAAAAAAMBEAAAA	1996	2202
	AAAAAAAAAMEKAAAA	2047	2684
	AAAAAAAAAMGNAAAA	2319	2796
	AAAAAAAAAMMOAAAA	2558	2480
	AAAAAAAAANBIAAAA	1817	1616
	AAAAAAAAANCFAAAA	2129	2180
	AAAAAAAAANEGAAAA	2294	1690
	AAAAAAAAANMHAAAA	2760	3511
	AAAAAAAAANPGAAAA	1710	2288
	AAAAAAAAAOAGAAAA	3238	2186
	AAAAAAAAAOIBAAAA	1721	2168
	AAAAAAAAAOJGAAAA	1984	2491
	AAAAAAAAAOMOAAAA	2450	1670
	AAAAAAAAAOPIAAAA	1730	2180
	AAAAAAAAAPEMAAAA	2384	3135
	AAAAAAAAAPHNAAAA	1752	2525
	AAAAAAAAAPLAAAAA	2431	3250
	AAAAAAAAAPLDAAAA	2445	2048
	AAAAAAAAAPOMAAAA	1591	2108
	AAAAAAAABAEIAAAA	2147	2378
	AAAAAAAABAIKAAAA	2341	2858
	AAAAAAAABAPDAAAA	1786	2327
	AAAAAAAABAPMAAAA	2586	2338
Time taken: 243.494 seconds, Fetched: 100 row(s)
69.00user 7.59system 4:19.53elapsed 29%CPU (0avgtext+0avgdata 669900maxresident)k
162352inputs+458776outputs (141major+251577minor)pagefaults 0swaps
hive ends:2015-09-18T22:38:57
